info: ::1 - - [20/Jul/2022:00:19:30 +0000] "POST /api/v1/users/login HTTP/1.1" 200 46 "-" "PostmanRuntime/7.29.2"

info: ::1 - - [20/Jul/2022:00:19:46 +0000] "POST /api/v1/users/login HTTP/1.1" 200 46 "-" "PostmanRuntime/7.29.2"

info: ::1 - - [20/Jul/2022:00:20:20 +0000] "POST /api/v1/users/login HTTP/1.1" 200 46 "-" "PostmanRuntime/7.29.2"

info: ::1 - - [20/Jul/2022:00:20:21 +0000] "POST /api/v1/users/login HTTP/1.1" 200 46 "-" "PostmanRuntime/7.29.2"

info: ::1 - - [20/Jul/2022:00:20:22 +0000] "POST /api/v1/users/login HTTP/1.1" 200 46 "-" "PostmanRuntime/7.29.2"

info: ::1 - - [20/Jul/2022:00:20:34 +0000] "POST /api/v1/users HTTP/1.1" 500 60 "-" "PostmanRuntime/7.29.2"

info: ::1 - - [20/Jul/2022:00:21:01 +0000] "POST /api/v1/users HTTP/1.1" 400 147 "-" "PostmanRuntime/7.29.2"

info: ::1 - - [20/Jul/2022:00:21:10 +0000] "POST /api/v1/users HTTP/1.1" 201 324 "-" "PostmanRuntime/7.29.2"

info: ::1 - - [20/Jul/2022:00:21:36 +0000] "POST /api/v1/users HTTP/1.1" 201 324 "-" "PostmanRuntime/7.29.2"

info: ::1 - - [20/Jul/2022:00:21:54 +0000] "POST /api/v1/users/login HTTP/1.1" 200 46 "-" "PostmanRuntime/7.29.2"

info: ::1 - - [20/Jul/2022:00:26:02 +0000] "POST /api/v1/users/login HTTP/1.1" 200 46 "-" "PostmanRuntime/7.29.2"

info: ::1 - - [20/Jul/2022:00:26:11 +0000] "POST /api/v1/users/login HTTP/1.1" 200 46 "-" "PostmanRuntime/7.29.2"

info: ::1 - - [20/Jul/2022:00:26:59 +0000] "POST /api/v1/users HTTP/1.1" 500 60 "-" "PostmanRuntime/7.29.2"

info: ::1 - - [20/Jul/2022:00:27:56 +0000] "POST /api/v1/users HTTP/1.1" 201 322 "-" "PostmanRuntime/7.29.2"

info: ::1 - - [20/Jul/2022:00:28:44 +0000] "POST /api/v1/users HTTP/1.1" 400 144 "-" "PostmanRuntime/7.29.2"

info: ::1 - - [20/Jul/2022:00:29:18 +0000] "POST /api/v1/users HTTP/1.1" 500 60 "-" "PostmanRuntime/7.29.2"

info: ::1 - - [20/Jul/2022:00:29:26 +0000] "POST /api/v1/users/login HTTP/1.1" 200 46 "-" "PostmanRuntime/7.29.2"

info: ::1 - - [20/Jul/2022:00:34:46 +0000] "POST /api/v1/users/login HTTP/1.1" 200 46 "-" "PostmanRuntime/7.29.2"

info: ::1 - - [20/Jul/2022:00:34:49 +0000] "POST /api/v1/users/login HTTP/1.1" 200 46 "-" "PostmanRuntime/7.29.2"

info: ::1 - - [20/Jul/2022:00:36:59 +0000] "POST /api/v1/users/login HTTP/1.1" 200 320 "-" "PostmanRuntime/7.29.2"

info: ::1 - - [20/Jul/2022:00:42:56 +0000] "POST /api/v1/users/login HTTP/1.1" 200 320 "-" "PostmanRuntime/7.29.2"

info: ::1 - - [20/Jul/2022:00:45:52 +0000] "POST /api/v1/users/login HTTP/1.1" 200 320 "-" "PostmanRuntime/7.29.2"

info: ::1 - - [20/Jul/2022:00:47:43 +0000] "POST /api/v1/users/login HTTP/1.1" 200 46 "-" "PostmanRuntime/7.29.2"

info: ::1 - - [20/Jul/2022:00:52:18 +0000] "POST /api/v1/users/login HTTP/1.1" 400 68 "-" "PostmanRuntime/7.29.2"

info: ::1 - - [20/Jul/2022:00:53:29 +0000] "POST /api/v1/users/login HTTP/1.1" 400 68 "-" "PostmanRuntime/7.29.2"

info: ::1 - - [20/Jul/2022:00:54:16 +0000] "POST /api/v1/users/login HTTP/1.1" 400 68 "-" "PostmanRuntime/7.29.2"

info: ::1 - - [20/Jul/2022:00:54:27 +0000] "POST /api/v1/users/login HTTP/1.1" 400 68 "-" "PostmanRuntime/7.29.2"

info: ::1 - - [20/Jul/2022:00:54:44 +0000] "POST /api/v1/users/login HTTP/1.1" 400 68 "-" "PostmanRuntime/7.29.2"

info: ::1 - - [20/Jul/2022:00:55:09 +0000] "POST /api/v1/users/login HTTP/1.1" 200 267 "-" "PostmanRuntime/7.29.2"

info: ::1 - - [20/Jul/2022:00:58:56 +0000] "POST /api/v1/users/login HTTP/1.1" 400 48 "-" "PostmanRuntime/7.29.2"

info: ::1 - - [20/Jul/2022:01:21:26 +0000] "POST /api/v1/users/login HTTP/1.1" 400 48 "-" "PostmanRuntime/7.29.2"

info: ::1 - - [20/Jul/2022:01:22:25 +0000] "POST /api/v1/users/login HTTP/1.1" 400 48 "-" "PostmanRuntime/7.29.2"

info: ::1 - - [20/Jul/2022:01:26:12 +0000] "POST /api/v1/users/login HTTP/1.1" 400 48 "-" "PostmanRuntime/7.29.2"

info: ::1 - - [20/Jul/2022:01:26:22 +0000] "POST /api/v1/users/login HTTP/1.1" 400 48 "-" "PostmanRuntime/7.29.2"

info: ::1 - - [20/Jul/2022:01:28:51 +0000] "POST /api/v1/users/login HTTP/1.1" 400 50 "-" "PostmanRuntime/7.29.2"

info: ::1 - - [20/Jul/2022:01:29:12 +0000] "POST /api/v1/users HTTP/1.1" 500 57 "-" "PostmanRuntime/7.29.2"

info: ::1 - - [20/Jul/2022:01:30:00 +0000] "POST /api/v1/users HTTP/1.1" 500 57 "-" "PostmanRuntime/7.29.2"

info: ::1 - - [20/Jul/2022:01:30:27 +0000] "POST /api/v1/users HTTP/1.1" 201 323 "-" "PostmanRuntime/7.29.2"

info: ::1 - - [20/Jul/2022:01:30:37 +0000] "POST /api/v1/users/login HTTP/1.1" 200 275 "-" "PostmanRuntime/7.29.2"

info: ::1 - - [20/Jul/2022:01:30:41 +0000] "POST /api/v1/users/login HTTP/1.1" 200 275 "-" "PostmanRuntime/7.29.2"

info: ::1 - - [20/Jul/2022:01:42:31 +0000] "POST /api/v1/users/login HTTP/1.1" 200 275 "-" "PostmanRuntime/7.29.2"

info: ::1 - - [20/Jul/2022:01:46:11 +0000] "POST /api/v1/users HTTP/1.1" 400 148 "-" "PostmanRuntime/7.29.2"

info: ::1 - - [20/Jul/2022:02:00:03 +0000] "POST /api/v1/users HTTP/1.1" 400 148 "-" "PostmanRuntime/7.29.2"

info: ::1 - - [20/Jul/2022:02:26:13 +0000] "POST /api/v1/users/login HTTP/1.1" 200 275 "-" "PostmanRuntime/7.29.2"

info: ::1 - - [20/Jul/2022:02:26:58 +0000] "POST /api/v1/users/login HTTP/1.1" 200 275 "-" "PostmanRuntime/7.29.2"

info: ::1 - - [20/Jul/2022:02:27:04 +0000] "POST /api/v1/users HTTP/1.1" 400 148 "-" "PostmanRuntime/7.29.2"

info: ::1 - - [20/Jul/2022:02:27:54 +0000] "POST /api/v1/users HTTP/1.1" 201 319 "-" "PostmanRuntime/7.29.2"

info: ::1 - - [20/Jul/2022:02:28:57 +0000] "POST /api/v1/users/login HTTP/1.1" 200 267 "-" "PostmanRuntime/7.29.2"

info: ::1 - - [20/Jul/2022:03:27:50 +0000] "POST /api/v1/users/login HTTP/1.1" 200 267 "-" "PostmanRuntime/7.29.2"

info: ::1 - - [20/Jul/2022:06:06:09 +0000] "GET /api/v1/users HTTP/1.1" 404 47 "-" "PostmanRuntime/7.29.2"

info: ::1 - - [20/Jul/2022:06:06:17 +0000] "GET /api/v1/get HTTP/1.1" 404 47 "-" "PostmanRuntime/7.29.2"

info: ::1 - - [20/Jul/2022:06:06:27 +0000] "GET /api/v1/users/get HTTP/1.1" 404 47 "-" "PostmanRuntime/7.29.2"

info: ::1 - - [20/Jul/2022:06:07:31 +0000] "GET /api/v1/users/get HTTP/1.1" 404 47 "-" "PostmanRuntime/7.29.2"

info: ::1 - - [20/Jul/2022:06:07:48 +0000] "GET /api/v1/get HTTP/1.1" 404 47 "-" "PostmanRuntime/7.29.2"

info: ::1 - - [20/Jul/2022:06:07:56 +0000] "GET /api/v1/users/post HTTP/1.1" 404 47 "-" "PostmanRuntime/7.29.2"

info: ::1 - - [20/Jul/2022:06:08:03 +0000] "GET /api/v1/post HTTP/1.1" 404 47 "-" "PostmanRuntime/7.29.2"

info: ::1 - - [20/Jul/2022:06:08:09 +0000] "GET /api/v1/post/post HTTP/1.1" 404 47 "-" "PostmanRuntime/7.29.2"

info: ::1 - - [20/Jul/2022:06:08:18 +0000] "GET /api/v1/users/login/post HTTP/1.1" 404 47 "-" "PostmanRuntime/7.29.2"

info: ::1 - - [20/Jul/2022:06:09:13 +0000] "GET /api/v1/users/ HTTP/1.1" 404 47 "-" "PostmanRuntime/7.29.2"

info: ::1 - - [20/Jul/2022:06:12:43 +0000] "POST /api/v1/users/post HTTP/1.1" 404 47 "-" "PostmanRuntime/7.29.2"

info: ::1 - - [20/Jul/2022:07:44:04 +0000] "POST /api/v1/users/get HTTP/1.1" 404 47 "-" "PostmanRuntime/7.29.2"

info: ::1 - - [20/Jul/2022:07:47:27 +0000] "POST /api/v1/users/get HTTP/1.1" 404 47 "-" "PostmanRuntime/7.29.2"

info: ::1 - - [20/Jul/2022:07:47:33 +0000] "GET /api/v1/users/get HTTP/1.1" 404 47 "-" "PostmanRuntime/7.29.2"

info: ::1 - - [20/Jul/2022:07:47:35 +0000] "GET /api/v1/users/get HTTP/1.1" 404 47 "-" "PostmanRuntime/7.29.2"

info: ::1 - - [20/Jul/2022:07:47:43 +0000] "GET /api/v1/get HTTP/1.1" 404 47 "-" "PostmanRuntime/7.29.2"

info: ::1 - - [20/Jul/2022:07:47:49 +0000] "GET /api/v1/ HTTP/1.1" 200 9 "-" "PostmanRuntime/7.29.2"

info: ::1 - - [20/Jul/2022:07:47:55 +0000] "GET /api/v1/users HTTP/1.1" 404 47 "-" "PostmanRuntime/7.29.2"

info: ::1 - - [20/Jul/2022:07:48:00 +0000] "GET /api/v1/users/get HTTP/1.1" 404 47 "-" "PostmanRuntime/7.29.2"

info: ::1 - - [20/Jul/2022:07:48:10 +0000] "GET /api/v1/notes/get HTTP/1.1" 404 47 "-" "PostmanRuntime/7.29.2"

info: ::1 - - [20/Jul/2022:12:10:34 +0000] "GET /api/v1/notes/get HTTP/1.1" 404 47 "-" "PostmanRuntime/7.29.2"

info: ::1 - - [20/Jul/2022:12:11:25 +0000] "GET /api/v1/notes/ HTTP/1.1" 404 47 "-" "PostmanRuntime/7.29.2"

info: ::1 - - [20/Jul/2022:12:11:32 +0000] "GET /api/v1/users HTTP/1.1" 404 47 "-" "PostmanRuntime/7.29.2"

info: ::1 - - [20/Jul/2022:12:14:21 +0000] "GET /api/v1/users/ HTTP/1.1" 404 47 "-" "PostmanRuntime/7.29.2"

info: ::1 - - [20/Jul/2022:12:16:24 +0000] "GET /api/v1/users/ HTTP/1.1" 404 47 "-" "PostmanRuntime/7.29.2"

info: ::1 - - [20/Jul/2022:16:11:24 +0000] "GET /api/v1/notes/ HTTP/1.1" 400 67 "-" "PostmanRuntime/7.29.2"

info: ::1 - - [20/Jul/2022:16:11:56 +0000] "GET /api/v1/notes HTTP/1.1" 400 67 "-" "PostmanRuntime/7.29.2"

info: ::1 - - [20/Jul/2022:16:14:30 +0000] "POST /api/v1/notes/post HTTP/1.1" 201 252 "-" "PostmanRuntime/7.29.2"

info: ::1 - - [20/Jul/2022:16:14:49 +0000] "GET /api/v1/notes/ HTTP/1.1" 400 67 "-" "PostmanRuntime/7.29.2"

info: ::1 - - [20/Jul/2022:16:19:30 +0000] "POST /api/v1/notes/ HTTP/1.1" 404 47 "-" "PostmanRuntime/7.29.2"

info: ::1 - - [20/Jul/2022:16:19:43 +0000] "GET /api/v1/notes/ HTTP/1.1" 400 67 "-" "PostmanRuntime/7.29.2"

info: ::1 - - [20/Jul/2022:16:20:48 +0000] "GET /api/v1/notes/ HTTP/1.1" 200 256 "-" "PostmanRuntime/7.29.2"

info: ::1 - - [20/Jul/2022:16:21:38 +0000] "GET /api/v1/notes/ HTTP/1.1" 200 256 "-" "PostmanRuntime/7.29.2"

info: ::1 - - [20/Jul/2022:16:22:13 +0000] "PUT /api/v1/notes/update/62d829e63b878c40fc6d6abc HTTP/1.1" 404 47 "-" "PostmanRuntime/7.29.2"

info: ::1 - - [20/Jul/2022:16:23:09 +0000] "PUT /api/v1/notes/update/62d829e63b878c40fc6d6abc HTTP/1.1" 404 47 "-" "PostmanRuntime/7.29.2"

info: ::1 - - [20/Jul/2022:16:23:45 +0000] "DELETE /api/v1/notes/delete/62d829e63b878c40fc6d6abc HTTP/1.1" 404 47 "-" "PostmanRuntime/7.29.2"

info: ::1 - - [20/Jul/2022:16:25:53 +0000] "PUT /api/v1/notes/update/62d829e63b878c40fc6d6abc HTTP/1.1" 404 47 "-" "PostmanRuntime/7.29.2"

info: ::1 - - [20/Jul/2022:16:27:49 +0000] "PUT /api/v1/notes/update/62d829e63b878c40fc6d6abc HTTP/1.1" 404 47 "-" "PostmanRuntime/7.29.2"

info: ::1 - - [20/Jul/2022:16:28:33 +0000] "PUT /api/v1/notes/update/62d7f1898983931ecb35d5a1 HTTP/1.1" 404 47 "-" "PostmanRuntime/7.29.2"

info: ::1 - - [20/Jul/2022:16:28:56 +0000] "PUT /api/v1/notes/update/62d7f1898983931ecb35d5a1 HTTP/1.1" 404 47 "-" "PostmanRuntime/7.29.2"

info: ::1 - - [20/Jul/2022:16:29:12 +0000] "DELETE /api/v1/notes/delete/62d7f1898983931ecb35d5a1 HTTP/1.1" 404 47 "-" "PostmanRuntime/7.29.2"

info: ::1 - - [20/Jul/2022:16:29:18 +0000] "DELETE /api/v1/notes/delete/62d7f1898983931ecb35d5a1 HTTP/1.1" 404 47 "-" "PostmanRuntime/7.29.2"

info: ::1 - - [20/Jul/2022:16:29:25 +0000] "DELETE /api/v1/notes/delete HTTP/1.1" 400 90 "-" "PostmanRuntime/7.29.2"

info: ::1 - - [20/Jul/2022:16:29:50 +0000] "DELETE /api/v1/notes/update/62d7f1898983931ecb35d5a1 HTTP/1.1" 404 47 "-" "PostmanRuntime/7.29.2"

info: ::1 - - [20/Jul/2022:16:29:56 +0000] "DELETE /api/v1/notes/update HTTP/1.1" 404 47 "-" "PostmanRuntime/7.29.2"

info: ::1 - - [20/Jul/2022:16:30:00 +0000] "DELETE /api/v1/notes/update HTTP/1.1" 404 47 "-" "PostmanRuntime/7.29.2"

info: ::1 - - [20/Jul/2022:16:30:50 +0000] "DELETE /api/v1/notes/update/62d7f1898983931ecb35d5a1 HTTP/1.1" 404 47 "-" "PostmanRuntime/7.29.2"

info: ::1 - - [20/Jul/2022:16:30:56 +0000] "DELETE /api/v1/notes/update HTTP/1.1" 404 47 "-" "PostmanRuntime/7.29.2"

info: ::1 - - [20/Jul/2022:16:31:11 +0000] "PUT /api/v1/notes/update HTTP/1.1" 400 141 "-" "PostmanRuntime/7.29.2"

info: ::1 - - [20/Jul/2022:16:31:19 +0000] "PUT /api/v1/notes/update/62d7f1898983931ecb35d5a1 HTTP/1.1" 404 47 "-" "PostmanRuntime/7.29.2"

info: ::1 - - [20/Jul/2022:16:32:07 +0000] "PUT /api/v1/notes/update/62d7f1898983931ecb35d5a1 HTTP/1.1" 404 47 "-" "PostmanRuntime/7.29.2"

info: ::1 - - [20/Jul/2022:16:32:20 +0000] "PUT /api/v1/notes/update/62d7f1898983931ecb35d5a1 HTTP/1.1" 404 47 "-" "PostmanRuntime/7.29.2"

info: ::1 - - [20/Jul/2022:16:32:37 +0000] "PUT /api/v1/notes/update/62d7f1898983931ecb35d5a1 HTTP/1.1" 404 47 "-" "PostmanRuntime/7.29.2"

info: ::1 - - [20/Jul/2022:16:32:56 +0000] "PUT /api/v1/notes/update/62d7f1898983931ecb35d5a1 HTTP/1.1" 404 47 "-" "PostmanRuntime/7.29.2"

info: ::1 - - [20/Jul/2022:16:33:08 +0000] "PUT /api/v1/notes/update/62d7f1898983931ecb35d5a1 HTTP/1.1" 404 47 "-" "PostmanRuntime/7.29.2"

info: ::1 - - [20/Jul/2022:16:35:29 +0000] "PUT /api/v1/notes/update/62d7f1898983931ecb35d5a1 HTTP/1.1" 404 47 "-" "PostmanRuntime/7.29.2"

info: ::1 - - [20/Jul/2022:16:36:21 +0000] "PUT /api/v1/notes/update/62d7f1898983931ecb35d5a1 HTTP/1.1" 404 47 "-" "PostmanRuntime/7.29.2"

