info: ::1 - - [01/Aug/2022:10:08:57 +0000] "POST /api/v1/users/login HTTP/1.1" 200 267 "-" "PostmanRuntime/7.29.2"

info: ::1 - - [01/Aug/2022:10:09:34 +0000] "POST /api/v1/users/forgetPassword HTTP/1.1" 200 48 "-" "PostmanRuntime/7.29.2"

info: ::1 - - [01/Aug/2022:10:11:56 +0000] "POST /api/v1/eyJhbGciOiJIUzI1NiIsInR5cCI6IkpXVCJ9.eyJlbWFpbCI6ImthbmNoYW5zc29sYW5rZUBnbWFpbC5jb20iLCJfaWQiOiI2MmRmNDY4MDZjNzc2ZDE3ODhjZWNjYmUiLCJpYXQiOjE2NTg5Mjk3NDF9.Jqpw8mtL2PEYEEcPdwH-Md78WGAXJCQGglAgt7gVj1k HTTP/1.1" 404 47 "-" "PostmanRuntime/7.29.2"

info: ::1 - - [01/Aug/2022:10:12:09 +0000] "POST /api/v1/users/eyJhbGciOiJIUzI1NiIsInR5cCI6IkpXVCJ9.eyJlbWFpbCI6ImthbmNoYW5zc29sYW5rZUBnbWFpbC5jb20iLCJfaWQiOiI2MmRmNDY4MDZjNzc2ZDE3ODhjZWNjYmUiLCJpYXQiOjE2NTg5Mjk3NDF9.Jqpw8mtL2PEYEEcPdwH-Md78WGAXJCQGglAgt7gVj1k HTTP/1.1" 200 122 "-" "PostmanRuntime/7.29.2"

info: ::1 - - [01/Aug/2022:10:14:21 +0000] "POST /api/v1/users/forgetPassword HTTP/1.1" 200 48 "-" "PostmanRuntime/7.29.2"

info: ::1 - - [01/Aug/2022:10:14:55 +0000] "POST /api/v1/users/forgetPassword HTTP/1.1" 200 48 "-" "PostmanRuntime/7.29.2"

info: ::1 - - [01/Aug/2022:10:15:13 +0000] "POST /api/v1/users/forgetPassword HTTP/1.1" 200 48 "-" "PostmanRuntime/7.29.2"

info: ::1 - - [01/Aug/2022:13:40:40 +0000] "POST /api/v1/users HTTP/1.1" 400 53 "-" "PostmanRuntime/7.29.2"

info: ::1 - - [01/Aug/2022:13:42:27 +0000] "POST /api/v1/users HTTP/1.1" 201 320 "-" "PostmanRuntime/7.29.2"

info: ::1 - - [01/Aug/2022:13:44:04 +0000] "POST /api/v1/users HTTP/1.1" 201 321 "-" "PostmanRuntime/7.29.2"

info: ::1 - - [01/Aug/2022:13:59:45 +0000] "POST /api/v1/users HTTP/1.1" 400 53 "-" "PostmanRuntime/7.29.2"

info: ::1 - - [01/Aug/2022:13:59:51 +0000] "POST /api/v1/users HTTP/1.1" 201 321 "-" "PostmanRuntime/7.29.2"

info: ::1 - - [01/Aug/2022:15:13:57 +0000] "POST /api/v1/users HTTP/1.1" 201 326 "-" "PostmanRuntime/7.29.2"

info: ::1 - - [01/Aug/2022:15:21:29 +0000] "POST /api/v1/users HTTP/1.1" 400 53 "-" "PostmanRuntime/7.29.2"

info: ::1 - - [01/Aug/2022:15:21:53 +0000] "POST /api/v1/users HTTP/1.1" 201 324 "-" "PostmanRuntime/7.29.2"

info: ::1 - - [01/Aug/2022:15:25:33 +0000] "POST /api/v1/users HTTP/1.1" 400 53 "-" "PostmanRuntime/7.29.2"

info: ::1 - - [01/Aug/2022:15:26:33 +0000] "POST /api/v1/users HTTP/1.1" 400 53 "-" "PostmanRuntime/7.29.2"

info: ::1 - - [01/Aug/2022:15:27:15 +0000] "POST /api/v1/users HTTP/1.1" 400 53 "-" "PostmanRuntime/7.29.2"

info: ::1 - - [01/Aug/2022:15:27:26 +0000] "POST /api/v1/users HTTP/1.1" 400 53 "-" "PostmanRuntime/7.29.2"

info: ::1 - - [01/Aug/2022:15:27:41 +0000] "POST /api/v1/users HTTP/1.1" 201 326 "-" "PostmanRuntime/7.29.2"

