info: ::1 - - [18/Jul/2022:02:48:16 +0000] "DELETE /api/v1/users/ HTTP/1.1" 404 47 "-" "PostmanRuntime/7.29.0"

info: ::1 - - [18/Jul/2022:02:48:26 +0000] "DELETE /api/v1/users/ HTTP/1.1" 404 47 "-" "PostmanRuntime/7.29.0"

info: ::1 - - [18/Jul/2022:02:48:44 +0000] "GET /api/v1/users/ HTTP/1.1" 200 45526 "-" "PostmanRuntime/7.29.0"

info: ::1 - - [18/Jul/2022:02:49:22 +0000] "GET /api/v1/users/ HTTP/1.1" 200 45526 "-" "PostmanRuntime/7.29.0"

info: ::1 - - [18/Jul/2022:02:49:59 +0000] "GET /api/v1/users/ HTTP/1.1" 200 45526 "-" "PostmanRuntime/7.29.0"

info: ::1 - - [18/Jul/2022:02:51:52 +0000] "GET /api/v1/users/ HTTP/1.1" 200 45526 "-" "PostmanRuntime/7.29.0"

info: ::1 - - [18/Jul/2022:02:52:08 +0000] "GET /api/v1/users/ HTTP/1.1" 200 45526 "-" "PostmanRuntime/7.29.0"

info: ::1 - - [18/Jul/2022:02:52:36 +0000] "GET /api/v1/users/ HTTP/1.1" 200 45526 "-" "PostmanRuntime/7.29.0"

info: ::1 - - [18/Jul/2022:02:53:28 +0000] "GET /api/v1/users/ HTTP/1.1" 200 55 "-" "PostmanRuntime/7.29.0"

info: ::1 - - [18/Jul/2022:02:56:39 +0000] "GET /api/v1/users/ HTTP/1.1" 200 55 "-" "PostmanRuntime/7.29.0"

info: ::1 - - [18/Jul/2022:02:56:58 +0000] "GET /api/v1/users/ HTTP/1.1" 200 55 "-" "PostmanRuntime/7.29.0"

info: ::1 - - [18/Jul/2022:02:59:00 +0000] "GET /api/v1/users/ HTTP/1.1" 200 55 "-" "PostmanRuntime/7.29.0"

info: ::1 - - [18/Jul/2022:02:59:17 +0000] "GET /api/v1/users/ HTTP/1.1" 200 55 "-" "PostmanRuntime/7.29.0"

info: ::1 - - [18/Jul/2022:02:59:45 +0000] "GET /api/v1/users/ HTTP/1.1" 200 55 "-" "PostmanRuntime/7.29.0"

info: ::1 - - [18/Jul/2022:03:02:02 +0000] "POST /api/v1/users/ HTTP/1.1" 500 55 "-" "PostmanRuntime/7.29.0"

info: ::1 - - [18/Jul/2022:03:03:01 +0000] "POST /api/v1/users/ HTTP/1.1" 500 55 "-" "PostmanRuntime/7.29.0"

info: ::1 - - [18/Jul/2022:03:05:17 +0000] "POST /api/v1/register HTTP/1.1" 404 47 "-" "PostmanRuntime/7.29.0"

info: ::1 - - [18/Jul/2022:03:06:20 +0000] "GET /api/v1/register HTTP/1.1" 200 55 "-" "PostmanRuntime/7.29.0"

info: ::1 - - [18/Jul/2022:03:07:09 +0000] "GET /api/v1/register HTTP/1.1" 200 65 "-" "PostmanRuntime/7.29.0"

info: ::1 - - [18/Jul/2022:03:07:59 +0000] "POST /api/v1/register HTTP/1.1" 500 55 "-" "PostmanRuntime/7.29.0"

info: ::1 - - [18/Jul/2022:03:09:05 +0000] "POST /api/v1/ HTTP/1.1" 404 47 "-" "PostmanRuntime/7.29.0"

info: ::1 - - [18/Jul/2022:03:09:13 +0000] "POST /api/v1/users HTTP/1.1" 404 47 "-" "PostmanRuntime/7.29.0"

info: ::1 - - [18/Jul/2022:03:09:20 +0000] "POST /api/v1/register HTTP/1.1" 500 55 "-" "PostmanRuntime/7.29.0"

info: ::1 - - [18/Jul/2022:03:09:24 +0000] "GET /api/v1/register HTTP/1.1" 200 65 "-" "PostmanRuntime/7.29.0"

info: ::1 - - [18/Jul/2022:03:09:29 +0000] "GET /api/v1/users HTTP/1.1" 404 47 "-" "PostmanRuntime/7.29.0"

info: ::1 - - [18/Jul/2022:03:09:34 +0000] "GET /api/v1/ HTTP/1.1" 200 9 "-" "PostmanRuntime/7.29.0"

info: ::1 - - [18/Jul/2022:03:09:44 +0000] "GET /api/v1/register HTTP/1.1" 200 65 "-" "PostmanRuntime/7.29.0"

info: ::1 - - [18/Jul/2022:03:10:05 +0000] "POST /api/v1/register HTTP/1.1" 500 55 "-" "PostmanRuntime/7.29.0"

info: ::1 - - [18/Jul/2022:03:11:30 +0000] "POST /api/v1/register HTTP/1.1" 500 55 "-" "PostmanRuntime/7.29.0"

info: ::1 - - [18/Jul/2022:03:11:57 +0000] "POST /api/v1/register HTTP/1.1" 500 85 "-" "PostmanRuntime/7.29.0"

info: ::1 - - [18/Jul/2022:03:12:05 +0000] "POST /api/v1/register HTTP/1.1" 500 63 "-" "PostmanRuntime/7.29.0"

info: ::1 - - [18/Jul/2022:03:14:22 +0000] "POST /api/v1/register HTTP/1.1" 500 55 "-" "PostmanRuntime/7.29.0"

info: ::1 - - [18/Jul/2022:03:15:25 +0000] "POST /api/v1/register HTTP/1.1" 500 55 "-" "PostmanRuntime/7.29.0"

info: ::1 - - [18/Jul/2022:03:15:31 +0000] "GET /api/v1/register HTTP/1.1" 200 65 "-" "PostmanRuntime/7.29.0"

info: ::1 - - [18/Jul/2022:03:15:59 +0000] "GET /api/v1/register HTTP/1.1" 200 65 "-" "PostmanRuntime/7.29.0"

info: ::1 - - [18/Jul/2022:03:16:18 +0000] "GET /api/v1/register HTTP/1.1" 200 55 "-" "PostmanRuntime/7.29.0"

info: ::1 - - [18/Jul/2022:03:17:39 +0000] "GET /api/v1/users HTTP/1.1" 200 55 "-" "PostmanRuntime/7.29.0"

info: ::1 - - [18/Jul/2022:03:17:59 +0000] "GET /api/v1/register HTTP/1.1" 200 55 "-" "PostmanRuntime/7.29.0"

info: ::1 - - [18/Jul/2022:03:40:21 +0000] "GET /api/v1/register HTTP/1.1" 404 47 "-" "PostmanRuntime/7.29.0"

info: ::1 - - [18/Jul/2022:03:40:31 +0000] "GET /api/v1/register/register HTTP/1.1" 200 55 "-" "PostmanRuntime/7.29.0"

info: ::1 - - [18/Jul/2022:03:45:06 +0000] "GET /api/v1/register/register HTTP/1.1" 400 56 "-" "PostmanRuntime/7.29.0"

info: ::1 - - [18/Jul/2022:03:45:14 +0000] "GET /api/v1/register/ HTTP/1.1" 200 55 "-" "PostmanRuntime/7.29.0"

info: ::1 - - [18/Jul/2022:03:45:39 +0000] "GET /api/v1/register HTTP/1.1" 200 55 "-" "PostmanRuntime/7.29.0"

info: ::1 - - [18/Jul/2022:03:46:13 +0000] "GET /api/v1/register HTTP/1.1" 200 55 "-" "PostmanRuntime/7.29.0"

info: ::1 - - [18/Jul/2022:03:48:28 +0000] "GET /api/v1/ HTTP/1.1" 200 9 "-" "Mozilla/5.0 (Windows NT 10.0; Win64; x64) AppleWebKit/537.36 (KHTML, like Gecko) Chrome/103.0.0.0 Safari/537.36"

info: ::1 - - [18/Jul/2022:03:48:28 +0000] "GET /favicon.ico HTTP/1.1" 404 47 "-" "Mozilla/5.0 (Windows NT 10.0; Win64; x64) AppleWebKit/537.36 (KHTML, like Gecko) Chrome/103.0.0.0 Safari/537.36"

info: ::1 - - [18/Jul/2022:03:50:27 +0000] "GET /api/v1/register HTTP/1.1" 200 55 "-" "PostmanRuntime/7.29.0"

info: ::1 - - [18/Jul/2022:03:53:02 +0000] "POST /api/v1/register HTTP/1.1" 500 55 "-" "PostmanRuntime/7.29.0"

info: ::1 - - [18/Jul/2022:03:54:46 +0000] "POST /api/v1/register HTTP/1.1" 500 89 "-" "PostmanRuntime/7.29.0"

info: ::1 - - [18/Jul/2022:03:54:56 +0000] "POST /api/v1/register HTTP/1.1" 201 50 "-" "PostmanRuntime/7.29.0"

info: ::1 - - [18/Jul/2022:03:55:23 +0000] "GET /api/v1/register HTTP/1.1" 200 55 "-" "PostmanRuntime/7.29.0"

info: ::1 - - [18/Jul/2022:03:55:35 +0000] "GET /api/v1/register HTTP/1.1" 200 55 "-" "PostmanRuntime/7.29.0"

info: ::1 - - [18/Jul/2022:03:55:55 +0000] "GET /api/v1/register HTTP/1.1" 200 55 "-" "PostmanRuntime/7.29.0"

info: ::1 - - [18/Jul/2022:03:56:28 +0000] "GET /api/v1/register HTTP/1.1" 200 276 "-" "PostmanRuntime/7.29.0"

info: ::1 - - [18/Jul/2022:03:57:36 +0000] "GET /api/v1/practice/register HTTP/1.1" 404 47 "-" "PostmanRuntime/7.29.0"

info: ::1 - - [18/Jul/2022:03:57:42 +0000] "GET /api/v1/practice/ HTTP/1.1" 404 47 "-" "PostmanRuntime/7.29.0"

info: ::1 - - [18/Jul/2022:03:57:47 +0000] "GET /api/v1/ HTTP/1.1" 200 9 "-" "PostmanRuntime/7.29.0"

info: ::1 - - [18/Jul/2022:03:57:54 +0000] "GET /api/v1/register HTTP/1.1" 200 276 "-" "PostmanRuntime/7.29.0"

info: ::1 - - [18/Jul/2022:04:00:25 +0000] "GET /api/v1/users HTTP/1.1" 200 276 "-" "PostmanRuntime/7.29.0"

info: ::1 - - [18/Jul/2022:04:01:46 +0000] "POST /api/v1/users HTTP/1.1" 201 50 "-" "PostmanRuntime/7.29.0"

info: ::1 - - [18/Jul/2022:04:01:52 +0000] "POST /api/v1/users HTTP/1.1" 201 50 "-" "PostmanRuntime/7.29.0"

info: ::1 - - [18/Jul/2022:04:01:57 +0000] "GET /api/v1/users HTTP/1.1" 200 698 "-" "PostmanRuntime/7.29.0"

info: ::1 - - [18/Jul/2022:04:05:34 +0000] "GET /api/v1/users HTTP/1.1" 200 55 "-" "PostmanRuntime/7.29.0"

info: ::1 - - [18/Jul/2022:04:05:52 +0000] "GET /api/v1/users HTTP/1.1" 200 55 "-" "PostmanRuntime/7.29.0"

info: ::1 - - [18/Jul/2022:04:06:40 +0000] "GET /api/v1/users HTTP/1.1" 200 55 "-" "PostmanRuntime/7.29.0"

info: ::1 - - [18/Jul/2022:04:08:47 +0000] "GET /api/v1/users HTTP/1.1" 200 55 "-" "PostmanRuntime/7.29.0"

info: ::1 - - [18/Jul/2022:04:09:01 +0000] "GET /api/v1/users HTTP/1.1" 200 55 "-" "PostmanRuntime/7.29.0"

info: ::1 - - [18/Jul/2022:04:09:43 +0000] "GET /api/v1/users HTTP/1.1" 200 55 "-" "PostmanRuntime/7.29.0"

info: ::1 - - [18/Jul/2022:04:10:13 +0000] "GET /api/v1/users HTTP/1.1" 200 55 "-" "PostmanRuntime/7.29.0"

info: ::1 - - [18/Jul/2022:04:16:01 +0000] "GET /api/v1/users HTTP/1.1" 500 53 "-" "PostmanRuntime/7.29.0"

info: ::1 - - [18/Jul/2022:04:16:21 +0000] "GET /api/v1/users HTTP/1.1" 200 55 "-" "PostmanRuntime/7.29.0"

info: ::1 - - [18/Jul/2022:04:16:47 +0000] "GET /api/v1/users HTTP/1.1" 200 55 "-" "PostmanRuntime/7.29.0"

info: ::1 - - [18/Jul/2022:04:16:56 +0000] "GET /api/v1/users HTTP/1.1" 200 55 "-" "PostmanRuntime/7.29.0"

info: ::1 - - [18/Jul/2022:04:17:52 +0000] "GET /api/v1/users HTTP/1.1" 500 53 "-" "PostmanRuntime/7.29.0"

info: ::1 - - [18/Jul/2022:04:18:21 +0000] "GET /api/v1/users HTTP/1.1" 500 87 "-" "PostmanRuntime/7.29.0"

info: ::1 - - [18/Jul/2022:04:19:24 +0000] "GET /api/v1/users HTTP/1.1" 200 55 "-" "PostmanRuntime/7.29.0"

info: ::1 - - [18/Jul/2022:07:09:46 +0000] "GET /api/v1/users HTTP/1.1" 200 55 "-" "PostmanRuntime/7.29.0"

info: ::1 - - [18/Jul/2022:07:10:27 +0000] "GET /api/v1/users HTTP/1.1" 200 698 "-" "PostmanRuntime/7.29.0"

info: ::1 - - [18/Jul/2022:07:11:46 +0000] "GET /api/v1/users HTTP/1.1" 200 698 "-" "PostmanRuntime/7.29.0"

info: ::1 - - [18/Jul/2022:07:12:41 +0000] "GET /api/v1/users HTTP/1.1" 500 88 "-" "PostmanRuntime/7.29.0"

info: ::1 - - [18/Jul/2022:07:13:21 +0000] "GET /api/v1/users HTTP/1.1" 500 88 "-" "PostmanRuntime/7.29.0"

info: ::1 - - [18/Jul/2022:07:14:16 +0000] "GET /api/v1/users HTTP/1.1" 200 698 "-" "PostmanRuntime/7.29.0"

info: ::1 - - [18/Jul/2022:07:17:26 +0000] "GET /api/v1/users HTTP/1.1" 500 88 "-" "PostmanRuntime/7.29.0"

info: ::1 - - [18/Jul/2022:07:17:46 +0000] "GET /api/v1/users HTTP/1.1" 500 58 "-" "PostmanRuntime/7.29.0"

info: ::1 - - [18/Jul/2022:07:18:11 +0000] "GET /api/v1/users HTTP/1.1" 500 84 "-" "PostmanRuntime/7.29.0"

info: ::1 - - [18/Jul/2022:07:18:16 +0000] "GET /api/v1/users HTTP/1.1" 500 84 "-" "PostmanRuntime/7.29.0"

info: ::1 - - [18/Jul/2022:07:19:17 +0000] "GET /api/v1/users HTTP/1.1" 200 67 "-" "PostmanRuntime/7.29.0"

info: ::1 - - [18/Jul/2022:07:19:50 +0000] "GET /api/v1/users HTTP/1.1" 200 67 "-" "PostmanRuntime/7.29.0"

info: ::1 - - [18/Jul/2022:07:20:00 +0000] "GET /api/v1/users HTTP/1.1" 200 67 "-" "PostmanRuntime/7.29.0"

info: ::1 - - [18/Jul/2022:07:21:43 +0000] "GET /api/v1/users HTTP/1.1" 500 56 "-" "PostmanRuntime/7.29.0"

info: ::1 - - [18/Jul/2022:07:22:21 +0000] "GET /api/v1/users HTTP/1.1" 200 67 "-" "PostmanRuntime/7.29.0"

info: ::1 - - [18/Jul/2022:07:22:38 +0000] "GET /api/v1/users HTTP/1.1" 200 67 "-" "PostmanRuntime/7.29.0"

info: ::1 - - [18/Jul/2022:07:23:31 +0000] "GET /api/v1/users HTTP/1.1" 200 698 "-" "PostmanRuntime/7.29.0"

info: ::1 - - [18/Jul/2022:07:24:38 +0000] "GET /api/v1/users HTTP/1.1" 500 88 "-" "PostmanRuntime/7.29.0"

info: ::1 - - [18/Jul/2022:07:24:53 +0000] "GET /api/v1/users HTTP/1.1" 200 698 "-" "PostmanRuntime/7.29.0"

info: ::1 - - [18/Jul/2022:07:25:09 +0000] "GET /api/v1/users HTTP/1.1" 500 55 "-" "PostmanRuntime/7.29.0"

info: ::1 - - [18/Jul/2022:07:25:23 +0000] "GET /api/v1/users HTTP/1.1" 500 55 "-" "PostmanRuntime/7.29.0"

info: ::1 - - [18/Jul/2022:07:25:33 +0000] "GET /api/v1/users HTTP/1.1" 200 698 "-" "PostmanRuntime/7.29.0"

info: ::1 - - [18/Jul/2022:08:49:10 +0000] "GET /api/v1/users HTTP/1.1" 200 698 "-" "PostmanRuntime/7.29.0"

info: ::1 - - [18/Jul/2022:08:49:57 +0000] "GET /api/v1/users HTTP/1.1" 200 698 "-" "PostmanRuntime/7.29.0"

info: ::1 - - [18/Jul/2022:08:51:41 +0000] "GET /api/v1/users HTTP/1.1" 500 55 "-" "PostmanRuntime/7.29.0"

info: ::1 - - [18/Jul/2022:08:55:14 +0000] "GET /api/v1/users HTTP/1.1" 200 698 "-" "PostmanRuntime/7.29.0"

info: ::1 - - [18/Jul/2022:08:57:52 +0000] "GET /api/v1/users HTTP/1.1" 200 698 "-" "PostmanRuntime/7.29.0"

info: ::1 - - [18/Jul/2022:08:58:41 +0000] "GET /api/v1/users HTTP/1.1" 200 698 "-" "PostmanRuntime/7.29.0"

info: ::1 - - [18/Jul/2022:08:59:14 +0000] "GET /api/v1/users HTTP/1.1" 500 88 "-" "PostmanRuntime/7.29.0"

info: ::1 - - [18/Jul/2022:09:00:59 +0000] "GET /api/v1/users HTTP/1.1" 500 54 "-" "PostmanRuntime/7.29.0"

info: ::1 - - [18/Jul/2022:09:02:01 +0000] "GET /api/v1/users HTTP/1.1" 500 54 "-" "PostmanRuntime/7.29.0"

info: ::1 - - [18/Jul/2022:09:06:01 +0000] "GET /api/v1/users HTTP/1.1" 500 54 "-" "PostmanRuntime/7.29.0"

info: ::1 - - [18/Jul/2022:09:06:30 +0000] "GET /api/v1/users HTTP/1.1" 500 54 "-" "PostmanRuntime/7.29.0"

info: ::1 - - [18/Jul/2022:09:10:18 +0000] "GET /api/v1/users HTTP/1.1" 500 54 "-" "PostmanRuntime/7.29.0"

info: ::1 - - [18/Jul/2022:09:13:12 +0000] "GET /api/v1/users HTTP/1.1" 500 54 "-" "PostmanRuntime/7.29.0"

info: ::1 - - [18/Jul/2022:09:13:37 +0000] "GET /api/v1/user HTTP/1.1" 404 47 "-" "PostmanRuntime/7.29.0"

info: ::1 - - [18/Jul/2022:09:13:41 +0000] "GET /api/v1/users HTTP/1.1" 500 54 "-" "PostmanRuntime/7.29.0"

info: ::1 - - [18/Jul/2022:09:17:02 +0000] "GET /api/v1/users HTTP/1.1" 500 54 "-" "PostmanRuntime/7.29.0"

info: ::1 - - [18/Jul/2022:09:19:56 +0000] "GET /api/v1/users HTTP/1.1" 200 698 "-" "PostmanRuntime/7.29.0"

info: ::1 - - [18/Jul/2022:09:21:21 +0000] "GET /api/v1/users HTTP/1.1" 200 698 "-" "PostmanRuntime/7.29.0"

info: ::1 - - [18/Jul/2022:09:23:07 +0000] "GET /api/v1/users HTTP/1.1" 200 698 "-" "PostmanRuntime/7.29.0"

info: ::1 - - [18/Jul/2022:09:24:03 +0000] "GET /api/v1/users HTTP/1.1" 200 698 "-" "PostmanRuntime/7.29.0"

info: ::1 - - [18/Jul/2022:09:24:34 +0000] "GET /api/v1/users HTTP/1.1" 200 698 "-" "PostmanRuntime/7.29.0"

info: ::1 - - [18/Jul/2022:09:25:05 +0000] "GET /api/v1/users HTTP/1.1" 200 698 "-" "PostmanRuntime/7.29.0"

info: ::1 - - [18/Jul/2022:09:25:46 +0000] "GET /api/v1/users HTTP/1.1" 200 698 "-" "PostmanRuntime/7.29.0"

info: ::1 - - [18/Jul/2022:09:27:15 +0000] "GET /api/v1/users HTTP/1.1" 200 698 "-" "PostmanRuntime/7.29.0"

info: ::1 - - [18/Jul/2022:09:30:36 +0000] "GET /api/v1/users HTTP/1.1" 500 87 "-" "PostmanRuntime/7.29.0"

info: ::1 - - [18/Jul/2022:09:31:25 +0000] "GET /api/v1/users HTTP/1.1" 500 88 "-" "PostmanRuntime/7.29.0"

info: ::1 - - [18/Jul/2022:09:31:47 +0000] "GET /api/v1/users HTTP/1.1" 500 88 "-" "PostmanRuntime/7.29.0"

info: ::1 - - [18/Jul/2022:09:32:54 +0000] "GET /api/v1/users HTTP/1.1" 500 55 "-" "PostmanRuntime/7.29.0"

info: ::1 - - [18/Jul/2022:09:33:18 +0000] "GET /api/v1/users HTTP/1.1" 200 698 "-" "PostmanRuntime/7.29.0"

info: ::1 - - [18/Jul/2022:10:03:25 +0000] "GET /api/v1/users HTTP/1.1" 500 88 "-" "PostmanRuntime/7.29.0"

info: ::1 - - [18/Jul/2022:10:10:36 +0000] "GET /api/v1/users HTTP/1.1" 404 47 "-" "PostmanRuntime/7.29.0"

info: ::1 - - [18/Jul/2022:10:10:47 +0000] "GET /api/v1/users/login HTTP/1.1" 404 47 "-" "PostmanRuntime/7.29.0"

info: ::1 - - [18/Jul/2022:10:11:12 +0000] "POST /api/v1/users/login HTTP/1.1" 200 60 "-" "PostmanRuntime/7.29.0"

info: ::1 - - [18/Jul/2022:10:12:05 +0000] "POST /api/v1/users/login HTTP/1.1" 200 48 "-" "PostmanRuntime/7.29.0"

info: ::1 - - [18/Jul/2022:10:12:35 +0000] "POST /api/v1/users/login HTTP/1.1" 200 60 "-" "PostmanRuntime/7.29.0"

info: ::1 - - [18/Jul/2022:10:13:51 +0000] "POST /api/v1/users/login HTTP/1.1" 500 53 "-" "PostmanRuntime/7.29.0"

info: ::1 - - [18/Jul/2022:10:14:04 +0000] "POST /api/v1/users/login HTTP/1.1" 200 267 "-" "PostmanRuntime/7.29.0"

