info: ::1 - - [21/Jul/2022:10:17:21 +0000] "PUT /api/v1/notes/62d9233d4ae0812ee4a2c4d4 HTTP/1.1" 201 51 "-" "PostmanRuntime/7.29.2"

info: ::1 - - [21/Jul/2022:10:17:28 +0000] "GET /api/v1/notes/62d9233d4ae0812ee4a2c4d4 HTTP/1.1" 200 300 "-" "PostmanRuntime/7.29.2"

info: ::1 - - [21/Jul/2022:10:17:58 +0000] "POST /api/v1/notes HTTP/1.1" 400 75 "-" "PostmanRuntime/7.29.2"

info: ::1 - - [21/Jul/2022:10:53:53 +0000] "POST /api/v1/notes HTTP/1.1" 201 258 "-" "PostmanRuntime/7.29.2"

info: ::1 - - [21/Jul/2022:10:54:05 +0000] "GET /api/v1/notes HTTP/1.1" 200 679 "-" "PostmanRuntime/7.29.2"

info: ::1 - - [21/Jul/2022:10:54:33 +0000] "PUT /api/v1/notes/62d93041a052a42ac8f4af1e HTTP/1.1" 201 51 "-" "PostmanRuntime/7.29.2"

info: ::1 - - [21/Jul/2022:10:54:45 +0000] "GET /api/v1/notes HTTP/1.1" 200 673 "-" "PostmanRuntime/7.29.2"

info: ::1 - - [21/Jul/2022:10:54:59 +0000] "DELETE /api/v1/notes/62d93041a052a42ac8f4af1e HTTP/1.1" 201 51 "-" "PostmanRuntime/7.29.2"

info: ::1 - - [21/Jul/2022:10:55:07 +0000] "GET /api/v1/notes HTTP/1.1" 200 478 "-" "PostmanRuntime/7.29.2"

info: ::1 - - [21/Jul/2022:10:59:23 +0000] "GET /api/v1/notes HTTP/1.1" 200 478 "-" "PostmanRuntime/7.29.2"

info: ::1 - - [21/Jul/2022:10:59:49 +0000] "GET /api/v1/notes HTTP/1.1" 200 478 "-" "PostmanRuntime/7.29.2"

info: ::1 - - [21/Jul/2022:11:00:16 +0000] "POST /api/v1/notes HTTP/1.1" 201 252 "-" "PostmanRuntime/7.29.2"

info: ::1 - - [21/Jul/2022:11:01:00 +0000] "POST /api/v1/notes HTTP/1.1" 201 252 "-" "PostmanRuntime/7.29.2"

info: ::1 - - [21/Jul/2022:11:01:41 +0000] "DELETE /api/v1/notes/62d931ec47ea8a3fecd6b3b7 HTTP/1.1" 201 51 "-" "PostmanRuntime/7.29.2"

info: ::1 - - [21/Jul/2022:11:04:44 +0000] "DELETE /api/v1/notes/62d931ec47ea8a3fecd6b3b7 HTTP/1.1" 500 88 "-" "PostmanRuntime/7.29.2"

info: ::1 - - [21/Jul/2022:11:05:05 +0000] "GET /api/v1/notes HTTP/1.1" 500 88 "-" "PostmanRuntime/7.29.2"

info: ::1 - - [21/Jul/2022:11:05:21 +0000] "GET /api/v1/notes HTTP/1.1" 500 88 "-" "PostmanRuntime/7.29.2"

info: ::1 - - [21/Jul/2022:11:05:51 +0000] "GET /api/v1/notes HTTP/1.1" 200 673 "-" "PostmanRuntime/7.29.2"

info: ::1 - - [21/Jul/2022:11:07:09 +0000] "GET /api/v1/notes HTTP/1.1" 200 673 "-" "PostmanRuntime/7.29.2"

info: ::1 - - [21/Jul/2022:11:07:35 +0000] "GET /api/v1/notes HTTP/1.1" 200 673 "-" "PostmanRuntime/7.29.2"

info: ::1 - - [21/Jul/2022:11:07:50 +0000] "GET /api/v1/notes HTTP/1.1" 200 673 "-" "PostmanRuntime/7.29.2"

info: ::1 - - [21/Jul/2022:11:14:41 +0000] "GET /api/v1/notes HTTP/1.1" 200 300 "-" "PostmanRuntime/7.29.2"

info: ::1 - - [21/Jul/2022:11:15:13 +0000] "GET /api/v1/notes HTTP/1.1" 200 300 "-" "PostmanRuntime/7.29.2"

info: ::1 - - [21/Jul/2022:11:15:31 +0000] "GET /api/v1/notes HTTP/1.1" 200 300 "-" "PostmanRuntime/7.29.2"

info: ::1 - - [21/Jul/2022:11:15:52 +0000] "POST /api/v1/notes HTTP/1.1" 400 126 "-" "PostmanRuntime/7.29.2"

info: ::1 - - [21/Jul/2022:11:16:22 +0000] "POST /api/v1/notes HTTP/1.1" 201 285 "-" "PostmanRuntime/7.29.2"

info: ::1 - - [21/Jul/2022:11:16:53 +0000] "POST /api/v1/notes HTTP/1.1" 201 285 "-" "PostmanRuntime/7.29.2"

info: ::1 - - [21/Jul/2022:11:17:37 +0000] "POST /api/v1/notes HTTP/1.1" 201 285 "-" "PostmanRuntime/7.29.2"

info: ::1 - - [21/Jul/2022:11:17:57 +0000] "GET /api/v1/notes/62d935d17ad6ac1db4a91052 HTTP/1.1" 200 289 "-" "PostmanRuntime/7.29.2"

info: ::1 - - [21/Jul/2022:11:18:32 +0000] "GET /api/v1/notes/62d935d17ad6ac1db4a91052 HTTP/1.1" 400 62 "-" "PostmanRuntime/7.29.2"

info: ::1 - - [21/Jul/2022:11:19:16 +0000] "GET /api/v1/notes/62d935d17ad6ac1db4a91052 HTTP/1.1" 200 289 "-" "PostmanRuntime/7.29.2"

info: ::1 - - [21/Jul/2022:11:19:38 +0000] "GET /api/v1/notes HTTP/1.1" 200 984 "-" "PostmanRuntime/7.29.2"

info: ::1 - - [21/Jul/2022:11:19:46 +0000] "GET /api/v1/notes HTTP/1.1" 200 984 "-" "PostmanRuntime/7.29.2"

