info: ::1 - - [19/Jul/2022:01:47:07 +0000] "POST /api/v1/users/login HTTP/1.1" 200 267 "-" "PostmanRuntime/7.29.0"

info: ::1 - - [19/Jul/2022:01:58:25 +0000] "POST /api/v1/users/login HTTP/1.1" 200 267 "-" "PostmanRuntime/7.29.0"

info: ::1 - - [19/Jul/2022:01:59:27 +0000] "POST /api/v1/users HTTP/1.1" 500 61 "-" "PostmanRuntime/7.29.0"

info: ::1 - - [19/Jul/2022:02:03:36 +0000] "POST /api/v1/users HTTP/1.1" 400 59 "-" "PostmanRuntime/7.29.0"

info: ::1 - - [19/Jul/2022:02:04:13 +0000] "POST /api/v1/users HTTP/1.1" 400 147 "-" "PostmanRuntime/7.29.0"

info: ::1 - - [19/Jul/2022:02:05:06 +0000] "POST /api/v1/users HTTP/1.1" 400 147 "-" "PostmanRuntime/7.29.0"

info: ::1 - - [19/Jul/2022:02:06:51 +0000] "POST /api/v1/users HTTP/1.1" 400 147 "-" "PostmanRuntime/7.29.0"

info: ::1 - - [19/Jul/2022:02:07:01 +0000] "POST /api/v1/users HTTP/1.1" 400 53 "-" "PostmanRuntime/7.29.0"

info: ::1 - - [19/Jul/2022:02:07:15 +0000] "POST /api/v1/users HTTP/1.1" 400 147 "-" "PostmanRuntime/7.29.0"

info: ::1 - - [19/Jul/2022:02:09:38 +0000] "POST /api/v1/users HTTP/1.1" 500 60 "-" "PostmanRuntime/7.29.0"

info: ::1 - - [19/Jul/2022:02:10:02 +0000] "POST /api/v1/users HTTP/1.1" 500 60 "-" "PostmanRuntime/7.29.0"

info: ::1 - - [19/Jul/2022:02:10:27 +0000] "POST /api/v1/users HTTP/1.1" 400 53 "-" "PostmanRuntime/7.29.0"

info: ::1 - - [19/Jul/2022:10:32:55 +0000] "POST /api/v1/users HTTP/1.1" 400 143 "-" "PostmanRuntime/7.29.0"

info: ::1 - - [19/Jul/2022:10:34:02 +0000] "POST /api/v1/users HTTP/1.1" 400 143 "-" "PostmanRuntime/7.29.0"

info: ::1 - - [19/Jul/2022:10:34:03 +0000] "POST /api/v1/users HTTP/1.1" 400 143 "-" "PostmanRuntime/7.29.0"

info: ::1 - - [19/Jul/2022:10:34:40 +0000] "POST /api/v1/users HTTP/1.1" 400 143 "-" "PostmanRuntime/7.29.0"

info: ::1 - - [19/Jul/2022:10:35:34 +0000] "POST /api/v1/users HTTP/1.1" 400 143 "-" "PostmanRuntime/7.29.0"

info: ::1 - - [19/Jul/2022:10:35:55 +0000] "POST /api/v1/users HTTP/1.1" 400 143 "-" "PostmanRuntime/7.29.0"

info: ::1 - - [19/Jul/2022:10:36:59 +0000] "POST /api/v1/users HTTP/1.1" 400 143 "-" "PostmanRuntime/7.29.0"

info: ::1 - - [19/Jul/2022:10:38:13 +0000] "GET /api/v1/users HTTP/1.1" 404 47 "-" "PostmanRuntime/7.29.0"

info: ::1 - - [19/Jul/2022:10:38:20 +0000] "GET /api/v1/users/login HTTP/1.1" 404 47 "-" "PostmanRuntime/7.29.0"

info: ::1 - - [19/Jul/2022:10:39:29 +0000] "POST /api/v1/users/login HTTP/1.1" 200 46 "-" "PostmanRuntime/7.29.0"

info: ::1 - - [19/Jul/2022:10:41:06 +0000] "POST /api/v1/users/login HTTP/1.1" 200 46 "-" "PostmanRuntime/7.29.0"

info: ::1 - - [19/Jul/2022:10:43:53 +0000] "POST /api/v1/users/login HTTP/1.1" 200 46 "-" "PostmanRuntime/7.29.0"

info: ::1 - - [19/Jul/2022:10:44:13 +0000] "POST /api/v1/users/login HTTP/1.1" 200 46 "-" "PostmanRuntime/7.29.0"

info: ::1 - - [19/Jul/2022:10:44:13 +0000] "POST /api/v1/users/login HTTP/1.1" 200 46 "-" "PostmanRuntime/7.29.0"

info: ::1 - - [19/Jul/2022:10:44:36 +0000] "POST /api/v1/users/ HTTP/1.1" 500 60 "-" "PostmanRuntime/7.29.0"

info: ::1 - - [19/Jul/2022:10:44:45 +0000] "POST /api/v1/users HTTP/1.1" 500 60 "-" "PostmanRuntime/7.29.0"

info: ::1 - - [19/Jul/2022:10:45:51 +0000] "POST /api/v1/users HTTP/1.1" 400 53 "-" "PostmanRuntime/7.29.0"

info: ::1 - - [19/Jul/2022:10:46:25 +0000] "POST /api/v1/users HTTP/1.1" 400 53 "-" "PostmanRuntime/7.29.0"

info: ::1 - - [19/Jul/2022:10:50:19 +0000] "POST /api/v1/users HTTP/1.1" 400 53 "-" "PostmanRuntime/7.29.0"

info: ::1 - - [19/Jul/2022:10:51:03 +0000] "POST /api/v1/users/login HTTP/1.1" 200 46 "-" "PostmanRuntime/7.29.0"

info: ::1 - - [19/Jul/2022:10:51:12 +0000] "POST /api/v1/users/ HTTP/1.1" 400 53 "-" "PostmanRuntime/7.29.0"

info: ::1 - - [19/Jul/2022:10:51:16 +0000] "POST /api/v1/users HTTP/1.1" 400 53 "-" "PostmanRuntime/7.29.0"

info: ::1 - - [19/Jul/2022:11:02:45 +0000] "POST /api/v1/users HTTP/1.1" 400 53 "-" "PostmanRuntime/7.29.0"

info: ::1 - - [19/Jul/2022:11:04:12 +0000] "POST /api/v1/users HTTP/1.1" 400 53 "-" "PostmanRuntime/7.29.0"

info: ::1 - - [19/Jul/2022:11:04:21 +0000] "POST /api/v1/ HTTP/1.1" 404 47 "-" "PostmanRuntime/7.29.0"

info: ::1 - - [19/Jul/2022:11:04:27 +0000] "POST /api/v1/users HTTP/1.1" 400 53 "-" "PostmanRuntime/7.29.0"

info: ::1 - - [19/Jul/2022:11:06:47 +0000] "POST /api/v1/users/login HTTP/1.1" 200 267 "-" "PostmanRuntime/7.29.0"

info: ::1 - - [19/Jul/2022:11:07:48 +0000] "POST /api/v1/users HTTP/1.1" 400 144 "-" "PostmanRuntime/7.29.0"

info: ::1 - - [19/Jul/2022:11:07:58 +0000] "POST /api/v1/users HTTP/1.1" 400 53 "-" "PostmanRuntime/7.29.0"

info: ::1 - - [19/Jul/2022:11:08:57 +0000] "GET /api/v1/users HTTP/1.1" 404 47 "-" "PostmanRuntime/7.29.0"

info: ::1 - - [19/Jul/2022:11:09:05 +0000] "GET /api/v1/users HTTP/1.1" 404 47 "-" "PostmanRuntime/7.29.0"

info: ::1 - - [19/Jul/2022:11:09:12 +0000] "GET /api/v1/users/login HTTP/1.1" 404 47 "-" "PostmanRuntime/7.29.0"

info: ::1 - - [19/Jul/2022:11:09:20 +0000] "GET /api/v1 HTTP/1.1" 200 9 "-" "PostmanRuntime/7.29.0"

info: ::1 - - [19/Jul/2022:14:53:56 +0000] "GET /api/v1 HTTP/1.1" 200 9 "-" "PostmanRuntime/7.29.0"

info: ::1 - - [19/Jul/2022:14:54:01 +0000] "GET /api/v1/users HTTP/1.1" 404 47 "-" "PostmanRuntime/7.29.0"

info: ::1 - - [19/Jul/2022:14:54:11 +0000] "POST /api/v1/users HTTP/1.1" 400 53 "-" "PostmanRuntime/7.29.0"

info: ::1 - - [19/Jul/2022:14:55:10 +0000] "POST /api/v1/users HTTP/1.1" 400 53 "-" "PostmanRuntime/7.29.0"

info: ::1 - - [19/Jul/2022:14:55:52 +0000] "POST /api/v1/users HTTP/1.1" 400 53 "-" "PostmanRuntime/7.29.0"

info: ::1 - - [19/Jul/2022:14:56:11 +0000] "POST /api/v1/users HTTP/1.1" 400 53 "-" "PostmanRuntime/7.29.0"

info: ::1 - - [19/Jul/2022:15:17:46 +0000] "POST /api/v1/users HTTP/1.1" 400 53 "-" "PostmanRuntime/7.29.2"

info: ::1 - - [19/Jul/2022:15:18:07 +0000] "POST /api/v1/users HTTP/1.1" 400 53 "-" "PostmanRuntime/7.29.2"

info: ::1 - - [19/Jul/2022:15:18:16 +0000] "POST /api/v1/users/login HTTP/1.1" 200 46 "-" "PostmanRuntime/7.29.2"

info: ::1 - - [19/Jul/2022:15:23:01 +0000] "POST /api/v1/users/login HTTP/1.1" 200 46 "-" "PostmanRuntime/7.29.2"

info: ::1 - - [19/Jul/2022:15:24:08 +0000] "POST /api/v1/users/login HTTP/1.1" 200 46 "-" "PostmanRuntime/7.29.2"

info: ::1 - - [19/Jul/2022:15:26:07 +0000] "POST /api/v1/users/login HTTP/1.1" 200 46 "-" "PostmanRuntime/7.29.2"

info: ::1 - - [19/Jul/2022:15:26:42 +0000] "POST /api/v1/users/login HTTP/1.1" 200 46 "-" "PostmanRuntime/7.29.2"

info: ::1 - - [19/Jul/2022:15:27:16 +0000] "POST /api/v1/users/login HTTP/1.1" 200 46 "-" "PostmanRuntime/7.29.2"

info: ::1 - - [19/Jul/2022:15:27:31 +0000] "POST /api/v1/users/login HTTP/1.1" 200 46 "-" "PostmanRuntime/7.29.2"

info: ::1 - - [19/Jul/2022:15:28:38 +0000] "POST /api/v1/users/login HTTP/1.1" 200 46 "-" "PostmanRuntime/7.29.2"

info: ::1 - - [19/Jul/2022:15:30:08 +0000] "POST /api/v1/users/login HTTP/1.1" 200 267 "-" "PostmanRuntime/7.29.2"

info: ::1 - - [19/Jul/2022:15:30:16 +0000] "POST /api/v1/users/login HTTP/1.1" 200 46 "-" "PostmanRuntime/7.29.2"

info: ::1 - - [19/Jul/2022:15:31:54 +0000] "POST /api/v1/users/login HTTP/1.1" 200 46 "-" "PostmanRuntime/7.29.2"

info: ::1 - - [19/Jul/2022:15:34:31 +0000] "POST /api/v1/users/login HTTP/1.1" 200 46 "-" "PostmanRuntime/7.29.2"

info: ::1 - - [19/Jul/2022:15:34:43 +0000] "POST /api/v1/users HTTP/1.1" 500 60 "-" "PostmanRuntime/7.29.2"

info: ::1 - - [19/Jul/2022:15:35:22 +0000] "POST /api/v1/users HTTP/1.1" 500 60 "-" "PostmanRuntime/7.29.2"

info: ::1 - - [19/Jul/2022:15:36:36 +0000] "POST /api/v1/users HTTP/1.1" 500 60 "-" "PostmanRuntime/7.29.2"

info: ::1 - - [19/Jul/2022:15:36:44 +0000] "POST /api/v1/users/login HTTP/1.1" 200 46 "-" "PostmanRuntime/7.29.2"

info: ::1 - - [19/Jul/2022:15:36:53 +0000] "POST /api/v1/users/login HTTP/1.1" 200 46 "-" "PostmanRuntime/7.29.2"

info: ::1 - - [19/Jul/2022:15:42:54 +0000] "POST /api/v1/users/login HTTP/1.1" 200 46 "-" "PostmanRuntime/7.29.2"

info: ::1 - - [19/Jul/2022:15:43:19 +0000] "POST /api/v1/users/login HTTP/1.1" 200 46 "-" "PostmanRuntime/7.29.2"

info: ::1 - - [19/Jul/2022:15:46:17 +0000] "POST /api/v1/users HTTP/1.1" 400 53 "-" "PostmanRuntime/7.29.2"

info: ::1 - - [19/Jul/2022:15:46:37 +0000] "POST /api/v1/users/login HTTP/1.1" 200 46 "-" "PostmanRuntime/7.29.2"

