info: Server started at http://localhost:4000/api/v1/ {"timestamp":"2022-08-01T22:07:57.003Z"}
info: Connected to the database. {"timestamp":"2022-08-01T22:07:57.092Z"}
info: Server started at http://localhost:4000/api/v1/ {"timestamp":"2022-08-01T22:09:56.874Z"}
info: Connected to the database. {"timestamp":"2022-08-01T22:09:56.897Z"}
info: Server started at http://localhost:4000/api/v1/ {"timestamp":"2022-08-01T22:10:22.301Z"}
info: Connected to the database. {"timestamp":"2022-08-01T22:10:22.323Z"}
info: Server started at http://localhost:4000/api/v1/ {"timestamp":"2022-08-01T22:24:01.313Z"}
info: Connected to the database. {"timestamp":"2022-08-01T22:24:01.331Z"}
info: Server started at http://localhost:4000/api/v1/ {"timestamp":"2022-08-01T22:30:26.125Z"}
info: Connected to the database. {"timestamp":"2022-08-01T22:30:26.158Z"}
info: Server started at http://localhost:4000/api/v1/ {"timestamp":"2022-08-01T22:42:28.397Z"}
info: connected to redis database {"timestamp":"2022-08-01T22:42:28.459Z"}
info: Connected to the database. {"timestamp":"2022-08-01T22:42:28.468Z"}
info: Server started at http://localhost:4000/api/v1/ {"timestamp":"2022-08-01T22:43:55.204Z"}
info: connected to redis database {"timestamp":"2022-08-01T22:43:55.241Z"}
info: Connected to the database. {"timestamp":"2022-08-01T22:43:55.252Z"}
info: Server started at http://localhost:4000/api/v1/ {"timestamp":"2022-08-01T23:00:59.616Z"}
info: connected to redis database {"timestamp":"2022-08-01T23:00:59.655Z"}
info: Connected to the database. {"timestamp":"2022-08-01T23:00:59.668Z"}
info: Server started at http://localhost:4000/api/v1/ {"timestamp":"2022-08-01T23:07:40.191Z"}
info: connected to redis database {"timestamp":"2022-08-01T23:07:40.204Z"}
info: Connected to the database. {"timestamp":"2022-08-01T23:07:40.216Z"}
info: Server started at http://localhost:4000/api/v1/ {"timestamp":"2022-08-01T23:11:14.611Z"}
info: connected to redis database {"timestamp":"2022-08-01T23:11:14.625Z"}
info: Connected to the database. {"timestamp":"2022-08-01T23:11:14.636Z"}
info: Server started at http://localhost:4000/api/v1/ {"timestamp":"2022-08-01T23:14:39.667Z"}
info: connected to redis database {"timestamp":"2022-08-01T23:14:39.680Z"}
info: Connected to the database. {"timestamp":"2022-08-01T23:14:39.690Z"}
info: Server started at http://localhost:4000/api/v1/ {"timestamp":"2022-08-01T23:14:51.933Z"}
info: connected to redis database {"timestamp":"2022-08-01T23:14:51.944Z"}
info: Connected to the database. {"timestamp":"2022-08-01T23:14:51.953Z"}
info: Server started at http://localhost:4000/api/v1/ {"timestamp":"2022-08-01T23:15:24.865Z"}
info: connected to redis database {"timestamp":"2022-08-01T23:15:24.880Z"}
info: Connected to the database. {"timestamp":"2022-08-01T23:15:24.891Z"}
info: Server started at http://localhost:4000/api/v1/ {"timestamp":"2022-08-01T23:15:51.961Z"}
info: connected to redis database {"timestamp":"2022-08-01T23:15:51.976Z"}
info: Connected to the database. {"timestamp":"2022-08-01T23:15:51.992Z"}
info: Server started at http://localhost:4000/api/v1/ {"timestamp":"2022-08-01T23:39:00.885Z"}
info: connected to redis database {"timestamp":"2022-08-01T23:39:00.904Z"}
info: Connected to the database. {"timestamp":"2022-08-01T23:39:00.920Z"}
info: Server started at http://localhost:4000/api/v1/ {"timestamp":"2022-08-01T23:39:57.594Z"}
info: connected to redis database {"timestamp":"2022-08-01T23:39:57.608Z"}
info: Connected to the database. {"timestamp":"2022-08-01T23:39:57.622Z"}
info: Server started at http://localhost:4000/api/v1/ {"timestamp":"2022-08-01T23:40:25.774Z"}
info: connected to redis database {"timestamp":"2022-08-01T23:40:25.799Z"}
info: Connected to the database. {"timestamp":"2022-08-01T23:40:25.864Z"}
info: Server started at http://localhost:4000/api/v1/ {"timestamp":"2022-08-01T23:40:37.838Z"}
info: connected to redis database {"timestamp":"2022-08-01T23:40:37.855Z"}
info: Connected to the database. {"timestamp":"2022-08-01T23:40:37.867Z"}
info: Server started at http://localhost:4000/api/v1/ {"timestamp":"2022-08-01T23:42:06.455Z"}
info: connected to redis database {"timestamp":"2022-08-01T23:42:06.471Z"}
info: Connected to the database. {"timestamp":"2022-08-01T23:42:06.492Z"}
info: Server started at http://localhost:4000/api/v1/ {"timestamp":"2022-08-01T23:42:32.595Z"}
info: connected to redis database {"timestamp":"2022-08-01T23:42:32.625Z"}
info: Connected to the database. {"timestamp":"2022-08-01T23:42:32.646Z"}
info: Server started at http://localhost:4000/api/v1/ {"timestamp":"2022-08-01T23:44:25.419Z"}
info: connected to redis database {"timestamp":"2022-08-01T23:44:25.433Z"}
info: Connected to the database. {"timestamp":"2022-08-01T23:44:25.446Z"}
info: Server started at http://localhost:4000/api/v1/ {"timestamp":"2022-08-02T00:44:21.192Z"}
info: connected to redis database {"timestamp":"2022-08-02T00:44:21.204Z"}
info: Connected to the database. {"timestamp":"2022-08-02T00:44:21.216Z"}
info: Server started at http://localhost:4000/api/v1/ {"timestamp":"2022-08-02T00:47:54.566Z"}
info: connected to redis database {"timestamp":"2022-08-02T00:47:54.578Z"}
info: Connected to the database. {"timestamp":"2022-08-02T00:47:54.690Z"}
info: Server started at http://localhost:4000/api/v1/ {"timestamp":"2022-08-02T00:48:31.627Z"}
info: connected to redis database {"timestamp":"2022-08-02T00:48:31.638Z"}
info: Connected to the database. {"timestamp":"2022-08-02T00:48:31.650Z"}
info: Server started at http://localhost:4000/api/v1/ {"timestamp":"2022-08-02T00:49:59.772Z"}
info: connected to redis database {"timestamp":"2022-08-02T00:49:59.785Z"}
info: Connected to the database. {"timestamp":"2022-08-02T00:49:59.801Z"}
info: Server started at http://localhost:4000/api/v1/ {"timestamp":"2022-08-02T00:56:01.213Z"}
info: connected to redis database {"timestamp":"2022-08-02T00:56:01.234Z"}
info: Connected to the database. {"timestamp":"2022-08-02T00:56:01.246Z"}
info: Server started at http://localhost:4000/api/v1/ {"timestamp":"2022-08-02T01:00:56.658Z"}
info: connected to redis database {"timestamp":"2022-08-02T01:00:56.672Z"}
info: Connected to the database. {"timestamp":"2022-08-02T01:00:56.686Z"}
info: Server started at http://localhost:4000/api/v1/ {"timestamp":"2022-08-02T01:42:54.661Z"}
info: connected to redis database {"timestamp":"2022-08-02T01:42:54.677Z"}
info: Connected to the database. {"timestamp":"2022-08-02T01:42:54.692Z"}
info: Server started at http://localhost:4000/api/v1/ {"timestamp":"2022-08-02T13:57:51.042Z"}
info: connected to redis database {"timestamp":"2022-08-02T13:57:51.068Z"}
error: Could not connect to the database. connect ECONNREFUSED 127.0.0.1:27017 {"reason":{"commonWireVersion":null,"compatibilityError":null,"compatible":true,"heartbeatFrequencyMS":10000,"localThresholdMS":15,"logicalSessionTimeoutMinutes":null,"maxElectionId":null,"maxSetVersion":null,"servers":{},"setName":null,"stale":false,"type":"Single"},"stack":"MongooseServerSelectionError: connect ECONNREFUSED 127.0.0.1:27017\n    at NativeConnection.Connection.openUri (C:\\Users\\kanch\\OneDrive\\Desktop\\FundooNotes\\Login\\node_modules\\mongoose\\lib\\connection.js:847:32)\n    at C:\\Users\\kanch\\OneDrive\\Desktop\\FundooNotes\\Login\\node_modules\\mongoose\\lib\\index.js:351:10\n    at C:\\Users\\kanch\\OneDrive\\Desktop\\FundooNotes\\Login\\node_modules\\mongoose\\lib\\helpers\\promiseOrCallback.js:32:5\n    at new Promise (<anonymous>)\n    at promiseOrCallback (C:\\Users\\kanch\\OneDrive\\Desktop\\FundooNotes\\Login\\node_modules\\mongoose\\lib\\helpers\\promiseOrCallback.js:31:10)\n    at Mongoose._promiseOrCallback (C:\\Users\\kanch\\OneDrive\\Desktop\\FundooNotes\\Login\\node_modules\\mongoose\\lib\\index.js:1149:10)\n    at Mongoose.connect (C:\\Users\\kanch\\OneDrive\\Desktop\\FundooNotes\\Login\\node_modules\\mongoose\\lib\\index.js:350:20)\n    at _callee$ (C:\\Users\\kanch\\OneDrive\\Desktop\\FundooNotes\\Login\\src\\config\\/database.js:12:20)\n    at tryCatch (C:\\Users\\kanch\\OneDrive\\Desktop\\FundooNotes\\Login\\node_modules\\@babel\\runtime\\helpers\\regeneratorRuntime.js:86:17)\n    at Generator._invoke (C:\\Users\\kanch\\OneDrive\\Desktop\\FundooNotes\\Login\\node_modules\\@babel\\runtime\\helpers\\regeneratorRuntime.js:66:24)\n    at Generator.next (C:\\Users\\kanch\\OneDrive\\Desktop\\FundooNotes\\Login\\node_modules\\@babel\\runtime\\helpers\\regeneratorRuntime.js:117:21)\n    at asyncGeneratorStep (C:\\Users\\kanch\\OneDrive\\Desktop\\FundooNotes\\Login\\node_modules\\@babel\\runtime\\helpers\\asyncToGenerator.js:3:24)\n    at _next (C:\\Users\\kanch\\OneDrive\\Desktop\\FundooNotes\\Login\\node_modules\\@babel\\runtime\\helpers\\asyncToGenerator.js:25:9)\n    at C:\\Users\\kanch\\OneDrive\\Desktop\\FundooNotes\\Login\\node_modules\\@babel\\runtime\\helpers\\asyncToGenerator.js:32:7\n    at new Promise (<anonymous>)\n    at C:\\Users\\kanch\\OneDrive\\Desktop\\FundooNotes\\Login\\node_modules\\@babel\\runtime\\helpers\\asyncToGenerator.js:21:12","timestamp":"2022-08-02T13:58:21.024Z"}
info: Server started at http://localhost:4000/api/v1/ {"timestamp":"2022-08-02T13:58:53.451Z"}
info: connected to redis database {"timestamp":"2022-08-02T13:58:53.467Z"}
error: Could not connect to the database. connect ECONNREFUSED 127.0.0.1:27017 {"reason":{"commonWireVersion":null,"compatibilityError":null,"compatible":true,"heartbeatFrequencyMS":10000,"localThresholdMS":15,"logicalSessionTimeoutMinutes":null,"maxElectionId":null,"maxSetVersion":null,"servers":{},"setName":null,"stale":false,"type":"Single"},"stack":"MongooseServerSelectionError: connect ECONNREFUSED 127.0.0.1:27017\n    at NativeConnection.Connection.openUri (C:\\Users\\kanch\\OneDrive\\Desktop\\FundooNotes\\Login\\node_modules\\mongoose\\lib\\connection.js:847:32)\n    at C:\\Users\\kanch\\OneDrive\\Desktop\\FundooNotes\\Login\\node_modules\\mongoose\\lib\\index.js:351:10\n    at C:\\Users\\kanch\\OneDrive\\Desktop\\FundooNotes\\Login\\node_modules\\mongoose\\lib\\helpers\\promiseOrCallback.js:32:5\n    at new Promise (<anonymous>)\n    at promiseOrCallback (C:\\Users\\kanch\\OneDrive\\Desktop\\FundooNotes\\Login\\node_modules\\mongoose\\lib\\helpers\\promiseOrCallback.js:31:10)\n    at Mongoose._promiseOrCallback (C:\\Users\\kanch\\OneDrive\\Desktop\\FundooNotes\\Login\\node_modules\\mongoose\\lib\\index.js:1149:10)\n    at Mongoose.connect (C:\\Users\\kanch\\OneDrive\\Desktop\\FundooNotes\\Login\\node_modules\\mongoose\\lib\\index.js:350:20)\n    at _callee$ (C:\\Users\\kanch\\OneDrive\\Desktop\\FundooNotes\\Login\\src\\config\\/database.js:12:20)\n    at tryCatch (C:\\Users\\kanch\\OneDrive\\Desktop\\FundooNotes\\Login\\node_modules\\@babel\\runtime\\helpers\\regeneratorRuntime.js:86:17)\n    at Generator._invoke (C:\\Users\\kanch\\OneDrive\\Desktop\\FundooNotes\\Login\\node_modules\\@babel\\runtime\\helpers\\regeneratorRuntime.js:66:24)\n    at Generator.next (C:\\Users\\kanch\\OneDrive\\Desktop\\FundooNotes\\Login\\node_modules\\@babel\\runtime\\helpers\\regeneratorRuntime.js:117:21)\n    at asyncGeneratorStep (C:\\Users\\kanch\\OneDrive\\Desktop\\FundooNotes\\Login\\node_modules\\@babel\\runtime\\helpers\\asyncToGenerator.js:3:24)\n    at _next (C:\\Users\\kanch\\OneDrive\\Desktop\\FundooNotes\\Login\\node_modules\\@babel\\runtime\\helpers\\asyncToGenerator.js:25:9)\n    at C:\\Users\\kanch\\OneDrive\\Desktop\\FundooNotes\\Login\\node_modules\\@babel\\runtime\\helpers\\asyncToGenerator.js:32:7\n    at new Promise (<anonymous>)\n    at C:\\Users\\kanch\\OneDrive\\Desktop\\FundooNotes\\Login\\node_modules\\@babel\\runtime\\helpers\\asyncToGenerator.js:21:12","timestamp":"2022-08-02T13:59:23.454Z"}
info: Server started at http://localhost:4000/api/v1/ {"timestamp":"2022-08-02T14:08:08.678Z"}
info: connected to redis database {"timestamp":"2022-08-02T14:08:08.701Z"}
error: Could not connect to the database. connect ECONNREFUSED 127.0.0.1:27017 {"reason":{"commonWireVersion":null,"compatibilityError":null,"compatible":true,"heartbeatFrequencyMS":10000,"localThresholdMS":15,"logicalSessionTimeoutMinutes":null,"maxElectionId":null,"maxSetVersion":null,"servers":{},"setName":null,"stale":false,"type":"Single"},"stack":"MongooseServerSelectionError: connect ECONNREFUSED 127.0.0.1:27017\n    at NativeConnection.Connection.openUri (C:\\Users\\kanch\\OneDrive\\Desktop\\FundooNotes\\Login\\node_modules\\mongoose\\lib\\connection.js:847:32)\n    at C:\\Users\\kanch\\OneDrive\\Desktop\\FundooNotes\\Login\\node_modules\\mongoose\\lib\\index.js:351:10\n    at C:\\Users\\kanch\\OneDrive\\Desktop\\FundooNotes\\Login\\node_modules\\mongoose\\lib\\helpers\\promiseOrCallback.js:32:5\n    at new Promise (<anonymous>)\n    at promiseOrCallback (C:\\Users\\kanch\\OneDrive\\Desktop\\FundooNotes\\Login\\node_modules\\mongoose\\lib\\helpers\\promiseOrCallback.js:31:10)\n    at Mongoose._promiseOrCallback (C:\\Users\\kanch\\OneDrive\\Desktop\\FundooNotes\\Login\\node_modules\\mongoose\\lib\\index.js:1149:10)\n    at Mongoose.connect (C:\\Users\\kanch\\OneDrive\\Desktop\\FundooNotes\\Login\\node_modules\\mongoose\\lib\\index.js:350:20)\n    at _callee$ (C:\\Users\\kanch\\OneDrive\\Desktop\\FundooNotes\\Login\\src\\config\\/database.js:12:20)\n    at tryCatch (C:\\Users\\kanch\\OneDrive\\Desktop\\FundooNotes\\Login\\node_modules\\@babel\\runtime\\helpers\\regeneratorRuntime.js:86:17)\n    at Generator._invoke (C:\\Users\\kanch\\OneDrive\\Desktop\\FundooNotes\\Login\\node_modules\\@babel\\runtime\\helpers\\regeneratorRuntime.js:66:24)\n    at Generator.next (C:\\Users\\kanch\\OneDrive\\Desktop\\FundooNotes\\Login\\node_modules\\@babel\\runtime\\helpers\\regeneratorRuntime.js:117:21)\n    at asyncGeneratorStep (C:\\Users\\kanch\\OneDrive\\Desktop\\FundooNotes\\Login\\node_modules\\@babel\\runtime\\helpers\\asyncToGenerator.js:3:24)\n    at _next (C:\\Users\\kanch\\OneDrive\\Desktop\\FundooNotes\\Login\\node_modules\\@babel\\runtime\\helpers\\asyncToGenerator.js:25:9)\n    at C:\\Users\\kanch\\OneDrive\\Desktop\\FundooNotes\\Login\\node_modules\\@babel\\runtime\\helpers\\asyncToGenerator.js:32:7\n    at new Promise (<anonymous>)\n    at C:\\Users\\kanch\\OneDrive\\Desktop\\FundooNotes\\Login\\node_modules\\@babel\\runtime\\helpers\\asyncToGenerator.js:21:12","timestamp":"2022-08-02T14:08:38.679Z"}
info: Server started at http://localhost:4000/api/v1/ {"timestamp":"2022-08-02T14:09:06.339Z"}
info: connected to redis database {"timestamp":"2022-08-02T14:09:06.361Z"}
error: Could not connect to the database. connect ECONNREFUSED 127.0.0.1:27017 {"reason":{"commonWireVersion":null,"compatibilityError":null,"compatible":true,"heartbeatFrequencyMS":10000,"localThresholdMS":15,"logicalSessionTimeoutMinutes":null,"maxElectionId":null,"maxSetVersion":null,"servers":{},"setName":null,"stale":false,"type":"Single"},"stack":"MongooseServerSelectionError: connect ECONNREFUSED 127.0.0.1:27017\n    at NativeConnection.Connection.openUri (C:\\Users\\kanch\\OneDrive\\Desktop\\FundooNotes\\Login\\node_modules\\mongoose\\lib\\connection.js:847:32)\n    at C:\\Users\\kanch\\OneDrive\\Desktop\\FundooNotes\\Login\\node_modules\\mongoose\\lib\\index.js:351:10\n    at C:\\Users\\kanch\\OneDrive\\Desktop\\FundooNotes\\Login\\node_modules\\mongoose\\lib\\helpers\\promiseOrCallback.js:32:5\n    at new Promise (<anonymous>)\n    at promiseOrCallback (C:\\Users\\kanch\\OneDrive\\Desktop\\FundooNotes\\Login\\node_modules\\mongoose\\lib\\helpers\\promiseOrCallback.js:31:10)\n    at Mongoose._promiseOrCallback (C:\\Users\\kanch\\OneDrive\\Desktop\\FundooNotes\\Login\\node_modules\\mongoose\\lib\\index.js:1149:10)\n    at Mongoose.connect (C:\\Users\\kanch\\OneDrive\\Desktop\\FundooNotes\\Login\\node_modules\\mongoose\\lib\\index.js:350:20)\n    at _callee$ (C:\\Users\\kanch\\OneDrive\\Desktop\\FundooNotes\\Login\\src\\config\\/database.js:12:20)\n    at tryCatch (C:\\Users\\kanch\\OneDrive\\Desktop\\FundooNotes\\Login\\node_modules\\@babel\\runtime\\helpers\\regeneratorRuntime.js:86:17)\n    at Generator._invoke (C:\\Users\\kanch\\OneDrive\\Desktop\\FundooNotes\\Login\\node_modules\\@babel\\runtime\\helpers\\regeneratorRuntime.js:66:24)\n    at Generator.next (C:\\Users\\kanch\\OneDrive\\Desktop\\FundooNotes\\Login\\node_modules\\@babel\\runtime\\helpers\\regeneratorRuntime.js:117:21)\n    at asyncGeneratorStep (C:\\Users\\kanch\\OneDrive\\Desktop\\FundooNotes\\Login\\node_modules\\@babel\\runtime\\helpers\\asyncToGenerator.js:3:24)\n    at _next (C:\\Users\\kanch\\OneDrive\\Desktop\\FundooNotes\\Login\\node_modules\\@babel\\runtime\\helpers\\asyncToGenerator.js:25:9)\n    at C:\\Users\\kanch\\OneDrive\\Desktop\\FundooNotes\\Login\\node_modules\\@babel\\runtime\\helpers\\asyncToGenerator.js:32:7\n    at new Promise (<anonymous>)\n    at C:\\Users\\kanch\\OneDrive\\Desktop\\FundooNotes\\Login\\node_modules\\@babel\\runtime\\helpers\\asyncToGenerator.js:21:12","timestamp":"2022-08-02T14:09:36.337Z"}
info: Server started at http://localhost:4000/api/v1/ {"timestamp":"2022-08-02T14:11:49.129Z"}
info: connected to redis database {"timestamp":"2022-08-02T14:11:49.155Z"}
info: Server started at http://localhost:4000/api/v1/ {"timestamp":"2022-08-02T14:12:08.587Z"}
info: connected to redis database {"timestamp":"2022-08-02T14:12:08.600Z"}
error: Could not connect to the database. connect ECONNREFUSED 127.0.0.1:27017 {"reason":{"commonWireVersion":null,"compatibilityError":null,"compatible":true,"heartbeatFrequencyMS":10000,"localThresholdMS":15,"logicalSessionTimeoutMinutes":null,"maxElectionId":null,"maxSetVersion":null,"servers":{},"setName":null,"stale":false,"type":"Single"},"stack":"MongooseServerSelectionError: connect ECONNREFUSED 127.0.0.1:27017\n    at NativeConnection.Connection.openUri (C:\\Users\\kanch\\OneDrive\\Desktop\\FundooNotes\\Login\\node_modules\\mongoose\\lib\\connection.js:847:32)\n    at C:\\Users\\kanch\\OneDrive\\Desktop\\FundooNotes\\Login\\node_modules\\mongoose\\lib\\index.js:351:10\n    at C:\\Users\\kanch\\OneDrive\\Desktop\\FundooNotes\\Login\\node_modules\\mongoose\\lib\\helpers\\promiseOrCallback.js:32:5\n    at new Promise (<anonymous>)\n    at promiseOrCallback (C:\\Users\\kanch\\OneDrive\\Desktop\\FundooNotes\\Login\\node_modules\\mongoose\\lib\\helpers\\promiseOrCallback.js:31:10)\n    at Mongoose._promiseOrCallback (C:\\Users\\kanch\\OneDrive\\Desktop\\FundooNotes\\Login\\node_modules\\mongoose\\lib\\index.js:1149:10)\n    at Mongoose.connect (C:\\Users\\kanch\\OneDrive\\Desktop\\FundooNotes\\Login\\node_modules\\mongoose\\lib\\index.js:350:20)\n    at _callee$ (C:\\Users\\kanch\\OneDrive\\Desktop\\FundooNotes\\Login\\src\\config\\/database.js:12:20)\n    at tryCatch (C:\\Users\\kanch\\OneDrive\\Desktop\\FundooNotes\\Login\\node_modules\\@babel\\runtime\\helpers\\regeneratorRuntime.js:86:17)\n    at Generator._invoke (C:\\Users\\kanch\\OneDrive\\Desktop\\FundooNotes\\Login\\node_modules\\@babel\\runtime\\helpers\\regeneratorRuntime.js:66:24)\n    at Generator.next (C:\\Users\\kanch\\OneDrive\\Desktop\\FundooNotes\\Login\\node_modules\\@babel\\runtime\\helpers\\regeneratorRuntime.js:117:21)\n    at asyncGeneratorStep (C:\\Users\\kanch\\OneDrive\\Desktop\\FundooNotes\\Login\\node_modules\\@babel\\runtime\\helpers\\asyncToGenerator.js:3:24)\n    at _next (C:\\Users\\kanch\\OneDrive\\Desktop\\FundooNotes\\Login\\node_modules\\@babel\\runtime\\helpers\\asyncToGenerator.js:25:9)\n    at C:\\Users\\kanch\\OneDrive\\Desktop\\FundooNotes\\Login\\node_modules\\@babel\\runtime\\helpers\\asyncToGenerator.js:32:7\n    at new Promise (<anonymous>)\n    at C:\\Users\\kanch\\OneDrive\\Desktop\\FundooNotes\\Login\\node_modules\\@babel\\runtime\\helpers\\asyncToGenerator.js:21:12","timestamp":"2022-08-02T14:12:38.603Z"}
error: 
    status - 500 
    message - ReferenceError: redis is not defined
    at redis_cache (C:\Users\kanch\OneDrive\Desktop\FundooNotes\Login\src\middlewares\/redis.middleware.js:3:5)
    at Layer.handle [as handle_request] (C:\Users\kanch\OneDrive\Desktop\FundooNotes\Login\node_modules\express\lib\router\layer.js:95:5)
    at next (C:\Users\kanch\OneDrive\Desktop\FundooNotes\Login\node_modules\express\lib\router\route.js:144:13)
    at _callee$ (C:\Users\kanch\OneDrive\Desktop\FundooNotes\Login\src\middlewares\/auth.middleware.js:25:5)
    at tryCatch (C:\Users\kanch\OneDrive\Desktop\FundooNotes\Login\node_modules\@babel\runtime\helpers\regeneratorRuntime.js:86:17)
    at Generator._invoke (C:\Users\kanch\OneDrive\Desktop\FundooNotes\Login\node_modules\@babel\runtime\helpers\regeneratorRuntime.js:66:24)
    at Generator.next (C:\Users\kanch\OneDrive\Desktop\FundooNotes\Login\node_modules\@babel\runtime\helpers\regeneratorRuntime.js:117:21)
    at asyncGeneratorStep (C:\Users\kanch\OneDrive\Desktop\FundooNotes\Login\node_modules\@babel\runtime\helpers\asyncToGenerator.js:3:24)
    at _next (C:\Users\kanch\OneDrive\Desktop\FundooNotes\Login\node_modules\@babel\runtime\helpers\asyncToGenerator.js:25:9)
    at processTicksAndRejections (node:internal/process/task_queues:96:5) 
    url - /api/v1/notes/allNotes 
    method - GET 
    IP - ::1
   {"timestamp":"2022-08-02T14:13:03.786Z"}
info: Server started at http://localhost:4000/api/v1/ {"timestamp":"2022-08-02T14:15:51.796Z"}
info: connected to redis database {"timestamp":"2022-08-02T14:15:51.809Z"}
error: Could not connect to the database. connect ECONNREFUSED 127.0.0.1:27017 {"reason":{"commonWireVersion":null,"compatibilityError":null,"compatible":true,"heartbeatFrequencyMS":10000,"localThresholdMS":15,"logicalSessionTimeoutMinutes":null,"maxElectionId":null,"maxSetVersion":null,"servers":{},"setName":null,"stale":false,"type":"Single"},"stack":"MongooseServerSelectionError: connect ECONNREFUSED 127.0.0.1:27017\n    at NativeConnection.Connection.openUri (C:\\Users\\kanch\\OneDrive\\Desktop\\FundooNotes\\Login\\node_modules\\mongoose\\lib\\connection.js:847:32)\n    at C:\\Users\\kanch\\OneDrive\\Desktop\\FundooNotes\\Login\\node_modules\\mongoose\\lib\\index.js:351:10\n    at C:\\Users\\kanch\\OneDrive\\Desktop\\FundooNotes\\Login\\node_modules\\mongoose\\lib\\helpers\\promiseOrCallback.js:32:5\n    at new Promise (<anonymous>)\n    at promiseOrCallback (C:\\Users\\kanch\\OneDrive\\Desktop\\FundooNotes\\Login\\node_modules\\mongoose\\lib\\helpers\\promiseOrCallback.js:31:10)\n    at Mongoose._promiseOrCallback (C:\\Users\\kanch\\OneDrive\\Desktop\\FundooNotes\\Login\\node_modules\\mongoose\\lib\\index.js:1149:10)\n    at Mongoose.connect (C:\\Users\\kanch\\OneDrive\\Desktop\\FundooNotes\\Login\\node_modules\\mongoose\\lib\\index.js:350:20)\n    at _callee$ (C:\\Users\\kanch\\OneDrive\\Desktop\\FundooNotes\\Login\\src\\config\\/database.js:12:20)\n    at tryCatch (C:\\Users\\kanch\\OneDrive\\Desktop\\FundooNotes\\Login\\node_modules\\@babel\\runtime\\helpers\\regeneratorRuntime.js:86:17)\n    at Generator._invoke (C:\\Users\\kanch\\OneDrive\\Desktop\\FundooNotes\\Login\\node_modules\\@babel\\runtime\\helpers\\regeneratorRuntime.js:66:24)\n    at Generator.next (C:\\Users\\kanch\\OneDrive\\Desktop\\FundooNotes\\Login\\node_modules\\@babel\\runtime\\helpers\\regeneratorRuntime.js:117:21)\n    at asyncGeneratorStep (C:\\Users\\kanch\\OneDrive\\Desktop\\FundooNotes\\Login\\node_modules\\@babel\\runtime\\helpers\\asyncToGenerator.js:3:24)\n    at _next (C:\\Users\\kanch\\OneDrive\\Desktop\\FundooNotes\\Login\\node_modules\\@babel\\runtime\\helpers\\asyncToGenerator.js:25:9)\n    at C:\\Users\\kanch\\OneDrive\\Desktop\\FundooNotes\\Login\\node_modules\\@babel\\runtime\\helpers\\asyncToGenerator.js:32:7\n    at new Promise (<anonymous>)\n    at C:\\Users\\kanch\\OneDrive\\Desktop\\FundooNotes\\Login\\node_modules\\@babel\\runtime\\helpers\\asyncToGenerator.js:21:12","timestamp":"2022-08-02T14:16:21.815Z"}
error: 
    status - 500 
    message - TypeError: _redis.default.get is not a function
    at redis_cache (C:\Users\kanch\OneDrive\Desktop\FundooNotes\Login\src\middlewares\/redis.middleware.js:4:17)
    at Layer.handle [as handle_request] (C:\Users\kanch\OneDrive\Desktop\FundooNotes\Login\node_modules\express\lib\router\layer.js:95:5)
    at next (C:\Users\kanch\OneDrive\Desktop\FundooNotes\Login\node_modules\express\lib\router\route.js:144:13)
    at _callee$ (C:\Users\kanch\OneDrive\Desktop\FundooNotes\Login\src\middlewares\/auth.middleware.js:25:5)
    at tryCatch (C:\Users\kanch\OneDrive\Desktop\FundooNotes\Login\node_modules\@babel\runtime\helpers\regeneratorRuntime.js:86:17)
    at Generator._invoke (C:\Users\kanch\OneDrive\Desktop\FundooNotes\Login\node_modules\@babel\runtime\helpers\regeneratorRuntime.js:66:24)
    at Generator.next (C:\Users\kanch\OneDrive\Desktop\FundooNotes\Login\node_modules\@babel\runtime\helpers\regeneratorRuntime.js:117:21)
    at asyncGeneratorStep (C:\Users\kanch\OneDrive\Desktop\FundooNotes\Login\node_modules\@babel\runtime\helpers\asyncToGenerator.js:3:24)
    at _next (C:\Users\kanch\OneDrive\Desktop\FundooNotes\Login\node_modules\@babel\runtime\helpers\asyncToGenerator.js:25:9)
    at processTicksAndRejections (node:internal/process/task_queues:96:5) 
    url - /api/v1/notes/allNotes 
    method - GET 
    IP - ::1
   {"timestamp":"2022-08-02T14:16:23.576Z"}
info: Server started at http://localhost:4000/api/v1/ {"timestamp":"2022-08-02T14:17:31.875Z"}
info: connected to redis database {"timestamp":"2022-08-02T14:17:31.898Z"}
info: Server started at http://localhost:4000/api/v1/ {"timestamp":"2022-08-02T14:21:02.044Z"}
info: connected to redis database {"timestamp":"2022-08-02T14:21:02.057Z"}
error: Could not connect to the database. connect ECONNREFUSED 127.0.0.1:27017 {"reason":{"commonWireVersion":null,"compatibilityError":null,"compatible":true,"heartbeatFrequencyMS":10000,"localThresholdMS":15,"logicalSessionTimeoutMinutes":null,"maxElectionId":null,"maxSetVersion":null,"servers":{},"setName":null,"stale":false,"type":"Single"},"stack":"MongooseServerSelectionError: connect ECONNREFUSED 127.0.0.1:27017\n    at NativeConnection.Connection.openUri (C:\\Users\\kanch\\OneDrive\\Desktop\\FundooNotes\\Login\\node_modules\\mongoose\\lib\\connection.js:847:32)\n    at C:\\Users\\kanch\\OneDrive\\Desktop\\FundooNotes\\Login\\node_modules\\mongoose\\lib\\index.js:351:10\n    at C:\\Users\\kanch\\OneDrive\\Desktop\\FundooNotes\\Login\\node_modules\\mongoose\\lib\\helpers\\promiseOrCallback.js:32:5\n    at new Promise (<anonymous>)\n    at promiseOrCallback (C:\\Users\\kanch\\OneDrive\\Desktop\\FundooNotes\\Login\\node_modules\\mongoose\\lib\\helpers\\promiseOrCallback.js:31:10)\n    at Mongoose._promiseOrCallback (C:\\Users\\kanch\\OneDrive\\Desktop\\FundooNotes\\Login\\node_modules\\mongoose\\lib\\index.js:1149:10)\n    at Mongoose.connect (C:\\Users\\kanch\\OneDrive\\Desktop\\FundooNotes\\Login\\node_modules\\mongoose\\lib\\index.js:350:20)\n    at _callee$ (C:\\Users\\kanch\\OneDrive\\Desktop\\FundooNotes\\Login\\src\\config\\/database.js:12:20)\n    at tryCatch (C:\\Users\\kanch\\OneDrive\\Desktop\\FundooNotes\\Login\\node_modules\\@babel\\runtime\\helpers\\regeneratorRuntime.js:86:17)\n    at Generator._invoke (C:\\Users\\kanch\\OneDrive\\Desktop\\FundooNotes\\Login\\node_modules\\@babel\\runtime\\helpers\\regeneratorRuntime.js:66:24)\n    at Generator.next (C:\\Users\\kanch\\OneDrive\\Desktop\\FundooNotes\\Login\\node_modules\\@babel\\runtime\\helpers\\regeneratorRuntime.js:117:21)\n    at asyncGeneratorStep (C:\\Users\\kanch\\OneDrive\\Desktop\\FundooNotes\\Login\\node_modules\\@babel\\runtime\\helpers\\asyncToGenerator.js:3:24)\n    at _next (C:\\Users\\kanch\\OneDrive\\Desktop\\FundooNotes\\Login\\node_modules\\@babel\\runtime\\helpers\\asyncToGenerator.js:25:9)\n    at C:\\Users\\kanch\\OneDrive\\Desktop\\FundooNotes\\Login\\node_modules\\@babel\\runtime\\helpers\\asyncToGenerator.js:32:7\n    at new Promise (<anonymous>)\n    at C:\\Users\\kanch\\OneDrive\\Desktop\\FundooNotes\\Login\\node_modules\\@babel\\runtime\\helpers\\asyncToGenerator.js:21:12","timestamp":"2022-08-02T14:21:32.045Z"}
info: Server started at http://localhost:4000/api/v1/ {"timestamp":"2022-08-02T14:22:03.840Z"}
info: connected to redis database {"timestamp":"2022-08-02T14:22:03.858Z"}
info: Server started at http://localhost:4000/api/v1/ {"timestamp":"2022-08-02T14:23:46.877Z"}
info: connected to redis database {"timestamp":"2022-08-02T14:23:46.902Z"}
info: Server started at http://localhost:4000/api/v1/ {"timestamp":"2022-08-02T14:25:37.268Z"}
info: connected to redis database {"timestamp":"2022-08-02T14:25:37.281Z"}
info: Server started at http://localhost:4000/api/v1/ {"timestamp":"2022-08-02T14:35:28.468Z"}
info: connected to redis database {"timestamp":"2022-08-02T14:35:28.482Z"}
info: Server started at http://localhost:4000/api/v1/ {"timestamp":"2022-08-02T14:36:02.704Z"}
info: connected to redis database {"timestamp":"2022-08-02T14:36:02.718Z"}
error: Could not connect to the database. connect ECONNREFUSED 127.0.0.1:27017 {"reason":{"commonWireVersion":null,"compatibilityError":null,"compatible":true,"heartbeatFrequencyMS":10000,"localThresholdMS":15,"logicalSessionTimeoutMinutes":null,"maxElectionId":null,"maxSetVersion":null,"servers":{},"setName":null,"stale":false,"type":"Single"},"stack":"MongooseServerSelectionError: connect ECONNREFUSED 127.0.0.1:27017\n    at NativeConnection.Connection.openUri (C:\\Users\\kanch\\OneDrive\\Desktop\\FundooNotes\\Login\\node_modules\\mongoose\\lib\\connection.js:847:32)\n    at C:\\Users\\kanch\\OneDrive\\Desktop\\FundooNotes\\Login\\node_modules\\mongoose\\lib\\index.js:351:10\n    at C:\\Users\\kanch\\OneDrive\\Desktop\\FundooNotes\\Login\\node_modules\\mongoose\\lib\\helpers\\promiseOrCallback.js:32:5\n    at new Promise (<anonymous>)\n    at promiseOrCallback (C:\\Users\\kanch\\OneDrive\\Desktop\\FundooNotes\\Login\\node_modules\\mongoose\\lib\\helpers\\promiseOrCallback.js:31:10)\n    at Mongoose._promiseOrCallback (C:\\Users\\kanch\\OneDrive\\Desktop\\FundooNotes\\Login\\node_modules\\mongoose\\lib\\index.js:1149:10)\n    at Mongoose.connect (C:\\Users\\kanch\\OneDrive\\Desktop\\FundooNotes\\Login\\node_modules\\mongoose\\lib\\index.js:350:20)\n    at _callee$ (C:\\Users\\kanch\\OneDrive\\Desktop\\FundooNotes\\Login\\src\\config\\/database.js:12:20)\n    at tryCatch (C:\\Users\\kanch\\OneDrive\\Desktop\\FundooNotes\\Login\\node_modules\\@babel\\runtime\\helpers\\regeneratorRuntime.js:86:17)\n    at Generator._invoke (C:\\Users\\kanch\\OneDrive\\Desktop\\FundooNotes\\Login\\node_modules\\@babel\\runtime\\helpers\\regeneratorRuntime.js:66:24)\n    at Generator.next (C:\\Users\\kanch\\OneDrive\\Desktop\\FundooNotes\\Login\\node_modules\\@babel\\runtime\\helpers\\regeneratorRuntime.js:117:21)\n    at asyncGeneratorStep (C:\\Users\\kanch\\OneDrive\\Desktop\\FundooNotes\\Login\\node_modules\\@babel\\runtime\\helpers\\asyncToGenerator.js:3:24)\n    at _next (C:\\Users\\kanch\\OneDrive\\Desktop\\FundooNotes\\Login\\node_modules\\@babel\\runtime\\helpers\\asyncToGenerator.js:25:9)\n    at C:\\Users\\kanch\\OneDrive\\Desktop\\FundooNotes\\Login\\node_modules\\@babel\\runtime\\helpers\\asyncToGenerator.js:32:7\n    at new Promise (<anonymous>)\n    at C:\\Users\\kanch\\OneDrive\\Desktop\\FundooNotes\\Login\\node_modules\\@babel\\runtime\\helpers\\asyncToGenerator.js:21:12","timestamp":"2022-08-02T14:36:32.720Z"}
info: Server started at http://localhost:4000/api/v1/ {"timestamp":"2022-08-02T14:38:30.375Z"}
info: connected to redis database {"timestamp":"2022-08-02T14:38:30.393Z"}
error: Could not connect to the database. connect ECONNREFUSED 127.0.0.1:27017 {"reason":{"commonWireVersion":null,"compatibilityError":null,"compatible":true,"heartbeatFrequencyMS":10000,"localThresholdMS":15,"logicalSessionTimeoutMinutes":null,"maxElectionId":null,"maxSetVersion":null,"servers":{},"setName":null,"stale":false,"type":"Single"},"stack":"MongooseServerSelectionError: connect ECONNREFUSED 127.0.0.1:27017\n    at NativeConnection.Connection.openUri (C:\\Users\\kanch\\OneDrive\\Desktop\\FundooNotes\\Login\\node_modules\\mongoose\\lib\\connection.js:847:32)\n    at C:\\Users\\kanch\\OneDrive\\Desktop\\FundooNotes\\Login\\node_modules\\mongoose\\lib\\index.js:351:10\n    at C:\\Users\\kanch\\OneDrive\\Desktop\\FundooNotes\\Login\\node_modules\\mongoose\\lib\\helpers\\promiseOrCallback.js:32:5\n    at new Promise (<anonymous>)\n    at promiseOrCallback (C:\\Users\\kanch\\OneDrive\\Desktop\\FundooNotes\\Login\\node_modules\\mongoose\\lib\\helpers\\promiseOrCallback.js:31:10)\n    at Mongoose._promiseOrCallback (C:\\Users\\kanch\\OneDrive\\Desktop\\FundooNotes\\Login\\node_modules\\mongoose\\lib\\index.js:1149:10)\n    at Mongoose.connect (C:\\Users\\kanch\\OneDrive\\Desktop\\FundooNotes\\Login\\node_modules\\mongoose\\lib\\index.js:350:20)\n    at _callee$ (C:\\Users\\kanch\\OneDrive\\Desktop\\FundooNotes\\Login\\src\\config\\/database.js:12:20)\n    at tryCatch (C:\\Users\\kanch\\OneDrive\\Desktop\\FundooNotes\\Login\\node_modules\\@babel\\runtime\\helpers\\regeneratorRuntime.js:86:17)\n    at Generator._invoke (C:\\Users\\kanch\\OneDrive\\Desktop\\FundooNotes\\Login\\node_modules\\@babel\\runtime\\helpers\\regeneratorRuntime.js:66:24)\n    at Generator.next (C:\\Users\\kanch\\OneDrive\\Desktop\\FundooNotes\\Login\\node_modules\\@babel\\runtime\\helpers\\regeneratorRuntime.js:117:21)\n    at asyncGeneratorStep (C:\\Users\\kanch\\OneDrive\\Desktop\\FundooNotes\\Login\\node_modules\\@babel\\runtime\\helpers\\asyncToGenerator.js:3:24)\n    at _next (C:\\Users\\kanch\\OneDrive\\Desktop\\FundooNotes\\Login\\node_modules\\@babel\\runtime\\helpers\\asyncToGenerator.js:25:9)\n    at C:\\Users\\kanch\\OneDrive\\Desktop\\FundooNotes\\Login\\node_modules\\@babel\\runtime\\helpers\\asyncToGenerator.js:32:7\n    at new Promise (<anonymous>)\n    at C:\\Users\\kanch\\OneDrive\\Desktop\\FundooNotes\\Login\\node_modules\\@babel\\runtime\\helpers\\asyncToGenerator.js:21:12","timestamp":"2022-08-02T14:39:00.391Z"}
info: Server started at http://localhost:4000/api/v1/ {"timestamp":"2022-08-02T14:41:42.555Z"}
info: connected to redis database {"timestamp":"2022-08-02T14:41:42.575Z"}
error: Could not connect to the database. connect ECONNREFUSED 127.0.0.1:27017 {"reason":{"commonWireVersion":null,"compatibilityError":null,"compatible":true,"heartbeatFrequencyMS":10000,"localThresholdMS":15,"logicalSessionTimeoutMinutes":null,"maxElectionId":null,"maxSetVersion":null,"servers":{},"setName":null,"stale":false,"type":"Single"},"stack":"MongooseServerSelectionError: connect ECONNREFUSED 127.0.0.1:27017\n    at NativeConnection.Connection.openUri (C:\\Users\\kanch\\OneDrive\\Desktop\\FundooNotes\\Login\\node_modules\\mongoose\\lib\\connection.js:847:32)\n    at C:\\Users\\kanch\\OneDrive\\Desktop\\FundooNotes\\Login\\node_modules\\mongoose\\lib\\index.js:351:10\n    at C:\\Users\\kanch\\OneDrive\\Desktop\\FundooNotes\\Login\\node_modules\\mongoose\\lib\\helpers\\promiseOrCallback.js:32:5\n    at new Promise (<anonymous>)\n    at promiseOrCallback (C:\\Users\\kanch\\OneDrive\\Desktop\\FundooNotes\\Login\\node_modules\\mongoose\\lib\\helpers\\promiseOrCallback.js:31:10)\n    at Mongoose._promiseOrCallback (C:\\Users\\kanch\\OneDrive\\Desktop\\FundooNotes\\Login\\node_modules\\mongoose\\lib\\index.js:1149:10)\n    at Mongoose.connect (C:\\Users\\kanch\\OneDrive\\Desktop\\FundooNotes\\Login\\node_modules\\mongoose\\lib\\index.js:350:20)\n    at _callee$ (C:\\Users\\kanch\\OneDrive\\Desktop\\FundooNotes\\Login\\src\\config\\/database.js:12:20)\n    at tryCatch (C:\\Users\\kanch\\OneDrive\\Desktop\\FundooNotes\\Login\\node_modules\\@babel\\runtime\\helpers\\regeneratorRuntime.js:86:17)\n    at Generator._invoke (C:\\Users\\kanch\\OneDrive\\Desktop\\FundooNotes\\Login\\node_modules\\@babel\\runtime\\helpers\\regeneratorRuntime.js:66:24)\n    at Generator.next (C:\\Users\\kanch\\OneDrive\\Desktop\\FundooNotes\\Login\\node_modules\\@babel\\runtime\\helpers\\regeneratorRuntime.js:117:21)\n    at asyncGeneratorStep (C:\\Users\\kanch\\OneDrive\\Desktop\\FundooNotes\\Login\\node_modules\\@babel\\runtime\\helpers\\asyncToGenerator.js:3:24)\n    at _next (C:\\Users\\kanch\\OneDrive\\Desktop\\FundooNotes\\Login\\node_modules\\@babel\\runtime\\helpers\\asyncToGenerator.js:25:9)\n    at C:\\Users\\kanch\\OneDrive\\Desktop\\FundooNotes\\Login\\node_modules\\@babel\\runtime\\helpers\\asyncToGenerator.js:32:7\n    at new Promise (<anonymous>)\n    at C:\\Users\\kanch\\OneDrive\\Desktop\\FundooNotes\\Login\\node_modules\\@babel\\runtime\\helpers\\asyncToGenerator.js:21:12","timestamp":"2022-08-02T14:42:12.554Z"}
info: Server started at http://localhost:4000/api/v1/ {"timestamp":"2022-08-02T14:46:13.199Z"}
info: connected to redis database {"timestamp":"2022-08-02T14:46:13.214Z"}
error: Could not connect to the database. connect ECONNREFUSED 127.0.0.1:27017 {"reason":{"commonWireVersion":null,"compatibilityError":null,"compatible":true,"heartbeatFrequencyMS":10000,"localThresholdMS":15,"logicalSessionTimeoutMinutes":null,"maxElectionId":null,"maxSetVersion":null,"servers":{},"setName":null,"stale":false,"type":"Single"},"stack":"MongooseServerSelectionError: connect ECONNREFUSED 127.0.0.1:27017\n    at NativeConnection.Connection.openUri (C:\\Users\\kanch\\OneDrive\\Desktop\\FundooNotes\\Login\\node_modules\\mongoose\\lib\\connection.js:847:32)\n    at C:\\Users\\kanch\\OneDrive\\Desktop\\FundooNotes\\Login\\node_modules\\mongoose\\lib\\index.js:351:10\n    at C:\\Users\\kanch\\OneDrive\\Desktop\\FundooNotes\\Login\\node_modules\\mongoose\\lib\\helpers\\promiseOrCallback.js:32:5\n    at new Promise (<anonymous>)\n    at promiseOrCallback (C:\\Users\\kanch\\OneDrive\\Desktop\\FundooNotes\\Login\\node_modules\\mongoose\\lib\\helpers\\promiseOrCallback.js:31:10)\n    at Mongoose._promiseOrCallback (C:\\Users\\kanch\\OneDrive\\Desktop\\FundooNotes\\Login\\node_modules\\mongoose\\lib\\index.js:1149:10)\n    at Mongoose.connect (C:\\Users\\kanch\\OneDrive\\Desktop\\FundooNotes\\Login\\node_modules\\mongoose\\lib\\index.js:350:20)\n    at _callee$ (C:\\Users\\kanch\\OneDrive\\Desktop\\FundooNotes\\Login\\src\\config\\/database.js:12:20)\n    at tryCatch (C:\\Users\\kanch\\OneDrive\\Desktop\\FundooNotes\\Login\\node_modules\\@babel\\runtime\\helpers\\regeneratorRuntime.js:86:17)\n    at Generator._invoke (C:\\Users\\kanch\\OneDrive\\Desktop\\FundooNotes\\Login\\node_modules\\@babel\\runtime\\helpers\\regeneratorRuntime.js:66:24)\n    at Generator.next (C:\\Users\\kanch\\OneDrive\\Desktop\\FundooNotes\\Login\\node_modules\\@babel\\runtime\\helpers\\regeneratorRuntime.js:117:21)\n    at asyncGeneratorStep (C:\\Users\\kanch\\OneDrive\\Desktop\\FundooNotes\\Login\\node_modules\\@babel\\runtime\\helpers\\asyncToGenerator.js:3:24)\n    at _next (C:\\Users\\kanch\\OneDrive\\Desktop\\FundooNotes\\Login\\node_modules\\@babel\\runtime\\helpers\\asyncToGenerator.js:25:9)\n    at C:\\Users\\kanch\\OneDrive\\Desktop\\FundooNotes\\Login\\node_modules\\@babel\\runtime\\helpers\\asyncToGenerator.js:32:7\n    at new Promise (<anonymous>)\n    at C:\\Users\\kanch\\OneDrive\\Desktop\\FundooNotes\\Login\\node_modules\\@babel\\runtime\\helpers\\asyncToGenerator.js:21:12","timestamp":"2022-08-02T14:46:43.207Z"}
info: Server started at http://localhost:4000/api/v1/ {"timestamp":"2022-08-02T14:48:32.217Z"}
info: connected to redis database {"timestamp":"2022-08-02T14:48:32.248Z"}
info: Connected to the database. {"timestamp":"2022-08-02T14:48:32.262Z"}
info: Server started at http://localhost:4000/api/v1/ {"timestamp":"2022-08-02T14:49:51.867Z"}
info: connected to redis database {"timestamp":"2022-08-02T14:49:51.887Z"}
info: Connected to the database. {"timestamp":"2022-08-02T14:49:51.908Z"}
info: Server started at http://localhost:4000/api/v1/ {"timestamp":"2022-08-02T14:50:49.633Z"}
info: connected to redis database {"timestamp":"2022-08-02T14:50:49.652Z"}
info: Connected to the database. {"timestamp":"2022-08-02T14:50:49.672Z"}
info: Server started at http://localhost:4000/api/v1/ {"timestamp":"2022-08-02T14:51:32.217Z"}
info: connected to redis database {"timestamp":"2022-08-02T14:51:32.241Z"}
info: Connected to the database. {"timestamp":"2022-08-02T14:51:32.272Z"}
info: Server started at http://localhost:4000/api/v1/ {"timestamp":"2022-08-02T14:54:50.745Z"}
info: connected to redis database {"timestamp":"2022-08-02T14:54:50.769Z"}
info: Connected to the database. {"timestamp":"2022-08-02T14:54:50.791Z"}
info: Server started at http://localhost:4000/api/v1/ {"timestamp":"2022-08-02T14:56:02.248Z"}
info: connected to redis database {"timestamp":"2022-08-02T14:56:02.281Z"}
info: Connected to the database. {"timestamp":"2022-08-02T14:56:02.299Z"}
info: Server started at http://localhost:4000/api/v1/ {"timestamp":"2022-08-02T14:57:35.315Z"}
info: connected to redis database {"timestamp":"2022-08-02T14:57:35.428Z"}
info: Connected to the database. {"timestamp":"2022-08-02T14:57:35.488Z"}
info: Server started at http://localhost:4000/api/v1/ {"timestamp":"2022-08-02T15:04:46.616Z"}
info: connected to redis database {"timestamp":"2022-08-02T15:04:46.642Z"}
info: Connected to the database. {"timestamp":"2022-08-02T15:04:46.665Z"}
info: Server started at http://localhost:4000/api/v1/ {"timestamp":"2022-08-02T15:11:08.516Z"}
info: connected to redis database {"timestamp":"2022-08-02T15:11:08.532Z"}
info: Connected to the database. {"timestamp":"2022-08-02T15:11:08.623Z"}
info: Server started at http://localhost:4000/api/v1/ {"timestamp":"2022-08-02T15:11:55.972Z"}
info: connected to redis database {"timestamp":"2022-08-02T15:11:56.007Z"}
info: Connected to the database. {"timestamp":"2022-08-02T15:11:56.029Z"}
info: Server started at http://localhost:4000/api/v1/ {"timestamp":"2022-08-02T15:12:21.933Z"}
info: connected to redis database {"timestamp":"2022-08-02T15:12:21.959Z"}
info: Connected to the database. {"timestamp":"2022-08-02T15:12:21.977Z"}
info: Server started at http://localhost:4000/api/v1/ {"timestamp":"2022-08-02T15:25:59.006Z"}
info: connected to redis database {"timestamp":"2022-08-02T15:25:59.022Z"}
info: Connected to the database. {"timestamp":"2022-08-02T15:25:59.038Z"}
info: Server started at http://localhost:4000/api/v1/ {"timestamp":"2022-08-02T15:26:26.205Z"}
info: connected to redis database {"timestamp":"2022-08-02T15:26:26.229Z"}
info: Connected to the database. {"timestamp":"2022-08-02T15:26:26.253Z"}
